<?xml version="1.0" encoding="UTF-8"?>
<!-- Generated by org.testng.reporters.JUnitReportReporter -->
<testsuite hostname="Bloom-Mohit" failures="0" tests="84" name="Eligibility_Automation.Vivriti_Direct_Topup" time="499.221" errors="0" timestamp="2024-06-28T14:16:05 IST" skipped="0">
  <testcase classname="Eligibility_Automation.Vivriti_Direct_Topup" name="TC_04" time="4.307">
    <system-out>
      <![CDATA[TC_04 : To verify that When experiment is Both Cautious Profile,BTO, Policy Vivriti_Direct_TOPup
Capping = 1500000.0 And Grade = C when fixed capping =1500000  Eligibility is getting calculated properly..!!!]]>
    </system-out>
  </testcase> <!-- TC_04 -->
  <testcase classname="Eligibility_Automation.Vivriti_Direct_Topup" name="TC_06" time="6.573">
    <system-out>
      <![CDATA[TC_06 : To verify that When experiment is  Cautious Location, ABB,Policy Vivriti_Direct_TOPup
]]>
    </system-out>
  </testcase> <!-- TC_06 -->
  <testcase classname="Eligibility_Automation.Vivriti_Direct_Topup" name="TC_06" time="4.416">
    <system-out>
      <![CDATA[TC_06 : To verify that When experiment is  Cautious Location, ABB,Policy Vivriti_Direct_TOPup
Capping = 564604.3 And Grade = D when fixed capping =1000000  Eligibility is getting calculated properly..!!!]]>
    </system-out>
  </testcase> <!-- TC_06 -->
  <testcase classname="Eligibility_Automation.Vivriti_Direct_Topup" name="TC_03" time="4.447">
    <system-out>
      <![CDATA[TC_03 : To verify that When experiment is Both Cautious Profile,ABB, Policy Vivriti_Direct_TOPup
]]>
    </system-out>
  </testcase> <!-- TC_03 -->
  <testcase classname="Eligibility_Automation.Vivriti_Direct_Topup" name="TC_07" time="4.322">
    <system-out>
      <![CDATA[TC_07 : When experiment is  Cautious Location, BTO,Policy Vivriti_Direct_TOPup
Capping = 1500000.0 And Grade =B when fixed capping =1500000  Eligibility is getting calculated properly..!!!]]>
    </system-out>
  </testcase> <!-- TC_07 -->
  <testcase classname="Eligibility_Automation.Vivriti_Direct_Topup" name="TC_11" time="4.822">
    <system-out>
      <![CDATA[TC_11 : To verify that Max capping where “no experiment” is applied (excl DSA,) where Business vintage is > 3 years & one property is owned
Eligibility is not getting calculated properly..!!!
Eligibility is not getting calculated properly..!!!]]>
    </system-out>
  </testcase> <!-- TC_11 -->
  <testcase classname="Eligibility_Automation.Vivriti_Direct_Topup" name="TC_14" time="4.926">
    <system-out>
      <![CDATA[TC_14 : To verify that When experiment is Both Rented, Policy Vivriti_Direct_TOPup and account is ODCC
 Risk Grade Is 'C'  And Experiment Is Both Rented Then ODCC Capping Is '600000.0' when fixed capping = '1000000'  ... Eligibility is getting calculated Properly.!!! ]]>
    </system-out>
  </testcase> <!-- TC_14 -->
  <testcase classname="Eligibility_Automation.Vivriti_Direct_Topup" name="TC_10" time="6.164">
    <system-out>
      <![CDATA[TC_10 : To verify that When Experiment is Saving Account, Policy Vivriti_Direct_TOPup
Eligibility is not getting calculated properly..!!!]]>
    </system-out>
  </testcase> <!-- TC_10 -->
  <testcase classname="Eligibility_Automation.Vivriti_Direct_Topup" name="TC_04" time="4.518">
    <system-out>
      <![CDATA[TC_04 : To verify that When experiment is Both Cautious Profile,BTO, Policy Vivriti_Direct_TOPup
Capping = 1500000.0 And Grade = NA when fixed capping =1500000  Eligibility is getting calculated properly..!!!]]>
    </system-out>
  </testcase> <!-- TC_04 -->
  <testcase classname="Eligibility_Automation.Vivriti_Direct_Topup" name="TC_04" time="4.827">
    <system-out>
      <![CDATA[TC_04 : To verify that When experiment is Both Cautious Profile,BTO, Policy Vivriti_Direct_TOPup
Capping = 1500000.0 And Grade = B when fixed capping =1500000  Eligibility is getting calculated properly..!!!]]>
    </system-out>
  </testcase> <!-- TC_04 -->
  <testcase classname="Eligibility_Automation.Vivriti_Direct_Topup" name="TC_01" time="4.308">
    <system-out>
      <![CDATA[TC_01 : To verify the final capping if policy is Vivriti_Direct_TOPup , ALL risk grade , no experiment, ABB & BTO
 Test Loancode =667e7629pul91
ABB_Capping = 811257.5 And Grade = NA when fixed capping =1000000  Eligibility is getting calculated properly..!!!
BTO Capping = 1500000.0 And Grade = NA when fixed capping =1500000  Eligibility is getting calculated properly..!!!]]>
    </system-out>
  </testcase> <!-- TC_01 -->
  <testcase classname="Eligibility_Automation.Vivriti_Direct_Topup" name="TC_01" time="5.047">
    <system-out>
      <![CDATA[TC_01 : To verify the final capping if policy is Vivriti_Direct_TOPup , ALL risk grade , no experiment, ABB & BTO
 Test Loancode =667e7629pul91
ABB_Capping = 564604.3 And Grade = D when fixed capping =1000000  Eligibility is getting calculated properly..!!!
BTO Capping = 1500000.0 And Grade = D when fixed capping =1500000  Eligibility is getting calculated properly..!!!]]>
    </system-out>
  </testcase> <!-- TC_01 -->
  <testcase classname="Eligibility_Automation.Vivriti_Direct_Topup" name="TC_03" time="4.356">
    <system-out>
      <![CDATA[TC_03 : To verify that When experiment is Both Cautious Profile,ABB, Policy Vivriti_Direct_TOPup
Capping = 564604.3 And Grade = D when fixed capping =1000000  Eligibility is getting calculated properly..!!!]]>
    </system-out>
  </testcase> <!-- TC_03 -->
  <testcase classname="Eligibility_Automation.Vivriti_Direct_Topup" name="TC_14" time="5.017">
    <system-out>
      <![CDATA[TC_14 : To verify that When experiment is Both Rented, Policy Vivriti_Direct_TOPup and account is ODCC
 Risk Grade Is 'D'  And Experiment Is Both Rented Then ODCC Capping Is '600000.0' when fixed capping = '1000000'  ... Eligibility is getting calculated Properly.!!! ]]>
    </system-out>
  </testcase> <!-- TC_14 -->
  <testcase classname="Eligibility_Automation.Vivriti_Direct_Topup" name="TC_06" time="4.171">
    <system-out>
      <![CDATA[TC_06 : To verify that When experiment is  Cautious Location, ABB,Policy Vivriti_Direct_TOPup
Capping = 811257.5 And Grade = NA when fixed capping =1000000  Eligibility is getting calculated properly..!!!]]>
    </system-out>
  </testcase> <!-- TC_06 -->
  <testcase classname="Eligibility_Automation.Vivriti_Direct_Topup" name="TC_05" time="4.468">
    <system-out>
      <![CDATA[TC_05 : When experiment is Both Toxic Profile, Policy Vivriti_Direct_TOPup
Eligibility is not getting calculated properly..!!!]]>
    </system-out>
  </testcase> <!-- TC_05 -->
  <testcase classname="Eligibility_Automation.Vivriti_Direct_Topup" name="TC_09" time="4.498">
    <system-out>
      <![CDATA[TC_09 : When ODCC, Policy Vivriti_Direct_TOPup (only ABB)
Eligibility is not getting calculated properly..!!!]]>
    </system-out>
  </testcase> <!-- TC_09 -->
  <testcase classname="Eligibility_Automation.Vivriti_Direct_Topup" name="TC_07" time="4.666">
    <system-out>
      <![CDATA[TC_07 : When experiment is  Cautious Location, BTO,Policy Vivriti_Direct_TOPup
Capping = 1500000.0 And Grade =A when fixed capping =1500000  Eligibility is getting calculated properly..!!!]]>
    </system-out>
  </testcase> <!-- TC_07 -->
  <testcase classname="Eligibility_Automation.Vivriti_Direct_Topup" name="TC_07" time="3.949">
    <system-out>
      <![CDATA[TC_07 : When experiment is  Cautious Location, BTO,Policy Vivriti_Direct_TOPup
Capping = 1500000.0 And Grade =C when fixed capping =1500000  Eligibility is getting calculated properly..!!!]]>
    </system-out>
  </testcase> <!-- TC_07 -->
  <testcase classname="Eligibility_Automation.Vivriti_Direct_Topup" name="TC_08" time="4.624">
    <system-out>
      <![CDATA[TC_08 : When experiment is Salaried, Policy Vivriti_Direct_TOPup
Capping = 600000.0 And Grade = D when fixed capping =600000  Eligibility is getting calculated properly..!!!]]>
    </system-out>
  </testcase> <!-- TC_08 -->
  <testcase classname="Eligibility_Automation.Vivriti_Direct_Topup" name="TC_10" time="5.936">
    <system-out>
      <![CDATA[TC_10 : To verify that When Experiment is Saving Account, Policy Vivriti_Direct_TOPup
Eligibility is not getting calculated properly..!!!]]>
    </system-out>
  </testcase> <!-- TC_10 -->
  <testcase classname="Eligibility_Automation.Vivriti_Direct_Topup" name="TC_11" time="5.503">
    <system-out>
      <![CDATA[TC_11 : To verify that Max capping where “no experiment” is applied (excl DSA,) where Business vintage is > 3 years & one property is owned
Eligibility is not getting calculated properly..!!!
Eligibility is not getting calculated properly..!!!]]>
    </system-out>
  </testcase> <!-- TC_11 -->
  <testcase classname="Eligibility_Automation.Vivriti_Direct_Topup" name="TC_12" time="21.095">
    <system-out>
      <![CDATA[TC_12 : To verify that When experiment is Both Rented, Policy Vivriti_Direct_TOPup and account is NTC
Eligibility is not getting calculated properly..!!!
Eligibility is not getting calculated properly..!!!
Eligibility is not getting calculated properly..!!!
Eligibility is not getting calculated properly..!!!]]>
    </system-out>
  </testcase> <!-- TC_12 -->
  <testcase classname="Eligibility_Automation.Vivriti_Direct_Topup" name="TC_13" time="4.741">
    <system-out>
      <![CDATA[TC_13 : To verify that When experiment is Both Rented, Policy Vivriti_Direct_TOPup and account is Thin cibil
IF Risk_Garde IS 'D Than Final_BTO_Capping IS '600000.0' when fixed capping = '500000' ... Eligibility Capping is calculated Properly..!!!!]]>
    </system-out>
  </testcase> <!-- TC_13 -->
  <testcase classname="Eligibility_Automation.Vivriti_Direct_Topup" name="TC_14" time="8.401">
    <system-out>
      <![CDATA[TC_14 : To verify that When experiment is Both Rented, Policy Vivriti_Direct_TOPup and account is ODCC
Eligibility is not getting calculated properly..!!!]]>
    </system-out>
  </testcase> <!-- TC_14 -->
  <testcase classname="Eligibility_Automation.Vivriti_Direct_Topup" name="TC_02" time="3.968">
    <system-out>
      <![CDATA[TC_02 : To verify that When experiment is Both Rented, Policy Vivriti_Direct_TOPup
Capping = 600000.0 And Grade = C when fixed capping =600000  Eligibility is getting calculated properly..!!!]]>
    </system-out>
  </testcase> <!-- TC_02 -->
  <testcase classname="Eligibility_Automation.Vivriti_Direct_Topup" name="TC_05" time="3.852">
    <system-out>
      <![CDATA[TC_05 : When experiment is Both Toxic Profile, Policy Vivriti_Direct_TOPup
Eligibility is not getting calculated properly..!!!]]>
    </system-out>
  </testcase> <!-- TC_05 -->
  <testcase classname="Eligibility_Automation.Vivriti_Direct_Topup" name="TC_08" time="4.426">
    <system-out>
      <![CDATA[TC_08 : When experiment is Salaried, Policy Vivriti_Direct_TOPup
Capping = 600000.0 And Grade = C when fixed capping =600000  Eligibility is getting calculated properly..!!!]]>
    </system-out>
  </testcase> <!-- TC_08 -->
  <testcase classname="Eligibility_Automation.Vivriti_Direct_Topup" name="TC_05" time="3.818">
    <system-out>
      <![CDATA[TC_05 : When experiment is Both Toxic Profile, Policy Vivriti_Direct_TOPup
Eligibility is not getting calculated properly..!!!]]>
    </system-out>
  </testcase> <!-- TC_05 -->
  <testcase classname="Eligibility_Automation.Vivriti_Direct_Topup" name="TC_07" time="5.448">
    <system-out>
      <![CDATA[TC_07 : When experiment is  Cautious Location, BTO,Policy Vivriti_Direct_TOPup
Capping = 1500000.0 And Grade =NA when fixed capping =1500000  Eligibility is getting calculated properly..!!!]]>
    </system-out>
  </testcase> <!-- TC_07 -->
  <testcase classname="Eligibility_Automation.Vivriti_Direct_Topup" name="TC_05" time="4.584">
    <system-out>
      <![CDATA[TC_05 : When experiment is Both Toxic Profile, Policy Vivriti_Direct_TOPup
Eligibility is not getting calculated properly..!!!]]>
    </system-out>
  </testcase> <!-- TC_05 -->
  <testcase classname="Eligibility_Automation.Vivriti_Direct_Topup" name="TC_05" time="4.402">
    <system-out>
      <![CDATA[TC_05 : When experiment is Both Toxic Profile, Policy Vivriti_Direct_TOPup
Eligibility is not getting calculated properly..!!!]]>
    </system-out>
  </testcase> <!-- TC_05 -->
  <testcase classname="Eligibility_Automation.Vivriti_Direct_Topup" name="TC_10" time="5.887">
    <system-out>
      <![CDATA[TC_10 : To verify that When Experiment is Saving Account, Policy Vivriti_Direct_TOPup
Eligibility is not getting calculated properly..!!!]]>
    </system-out>
  </testcase> <!-- TC_10 -->
  <testcase classname="Eligibility_Automation.Vivriti_Direct_Topup" name="TC_09" time="4.066">
    <system-out>
      <![CDATA[TC_09 : When ODCC, Policy Vivriti_Direct_TOPup (only ABB)
Capping = 811257.5 And Grade = C when fixed capping =1000000  Eligibility is getting calculated properly..!!!]]>
    </system-out>
  </testcase> <!-- TC_09 -->
  <testcase classname="Eligibility_Automation.Vivriti_Direct_Topup" name="TC_04" time="4.831">
    <system-out>
      <![CDATA[TC_04 : To verify that When experiment is Both Cautious Profile,BTO, Policy Vivriti_Direct_TOPup
Capping = 1500000.0 And Grade = D when fixed capping =1500000  Eligibility is getting calculated properly..!!!]]>
    </system-out>
  </testcase> <!-- TC_04 -->
  <testcase classname="Eligibility_Automation.Vivriti_Direct_Topup" name="TC_13" time="5.705">
    <system-out>
      <![CDATA[TC_13 : To verify that When experiment is Both Rented, Policy Vivriti_Direct_TOPup and account is Thin cibil
IF Risk_Garde IS 'A Than Final_BTO_Capping IS '1000000.0' when fixed capping = '500000' ... Eligibility Capping is calculated Properly..!!!!]]>
    </system-out>
  </testcase> <!-- TC_13 -->
  <testcase classname="Eligibility_Automation.Vivriti_Direct_Topup" name="TC_02" time="4.468">
    <system-out>
      <![CDATA[TC_02 : To verify that When experiment is Both Rented, Policy Vivriti_Direct_TOPup
Capping = 800000.0 And Grade =B when fixed capping =800000  Eligibility is getting calculated properly..!!!]]>
    </system-out>
  </testcase> <!-- TC_02 -->
  <testcase classname="Eligibility_Automation.Vivriti_Direct_Topup" name="TC_12" time="21.962">
    <system-out>
      <![CDATA[TC_12 : To verify that When experiment is Both Rented, Policy Vivriti_Direct_TOPup and account is NTC
Eligibility is not getting calculated properly..!!!
Eligibility is not getting calculated properly..!!!
Eligibility is not getting calculated properly..!!!
Eligibility is not getting calculated properly..!!!]]>
    </system-out>
  </testcase> <!-- TC_12 -->
  <testcase classname="Eligibility_Automation.Vivriti_Direct_Topup" name="TC_04" time="3.869">
    <system-out>
      <![CDATA[TC_04 : To verify that When experiment is Both Cautious Profile,BTO, Policy Vivriti_Direct_TOPup
Capping = 1500000.0 And Grade = E when fixed capping =1500000  Eligibility is getting calculated properly..!!!]]>
    </system-out>
  </testcase> <!-- TC_04 -->
  <testcase classname="Eligibility_Automation.Vivriti_Direct_Topup" name="TC_10" time="6.593">
    <system-out>
      <![CDATA[TC_10 : To verify that When Experiment is Saving Account, Policy Vivriti_Direct_TOPup
Eligibility is not getting calculated properly..!!!]]>
    </system-out>
  </testcase> <!-- TC_10 -->
  <testcase classname="Eligibility_Automation.Vivriti_Direct_Topup" name="TC_13" time="5.492">
    <system-out>
      <![CDATA[TC_13 : To verify that When experiment is Both Rented, Policy Vivriti_Direct_TOPup and account is Thin cibil
IF Risk_Garde IS 'E Than Final_BTO_Capping IS '600000.0' when fixed capping = '500000' ... Eligibility Capping is calculated Properly..!!!!]]>
    </system-out>
  </testcase> <!-- TC_13 -->
  <testcase classname="Eligibility_Automation.Vivriti_Direct_Topup" name="TC_12" time="19.066">
    <system-out>
      <![CDATA[TC_12 : To verify that When experiment is Both Rented, Policy Vivriti_Direct_TOPup and account is NTC
Eligibility is not getting calculated properly..!!!
Eligibility is not getting calculated properly..!!!
Eligibility is not getting calculated properly..!!!
Eligibility is not getting calculated properly..!!!]]>
    </system-out>
  </testcase> <!-- TC_12 -->
  <testcase classname="Eligibility_Automation.Vivriti_Direct_Topup" name="TC_03" time="3.907">
    <system-out>
      <![CDATA[TC_03 : To verify that When experiment is Both Cautious Profile,ABB, Policy Vivriti_Direct_TOPup
Capping = 811257.5 And Grade = C when fixed capping =1000000  Eligibility is getting calculated properly..!!!]]>
    </system-out>
  </testcase> <!-- TC_03 -->
  <testcase classname="Eligibility_Automation.Vivriti_Direct_Topup" name="TC_02" time="4.200">
    <system-out>
      <![CDATA[TC_02 : To verify that When experiment is Both Rented, Policy Vivriti_Direct_TOPup
Capping = 600000.0 And Grade = D when fixed capping =600000  Eligibility is getting calculated properly..!!!]]>
    </system-out>
  </testcase> <!-- TC_02 -->
  <testcase classname="Eligibility_Automation.Vivriti_Direct_Topup" name="TC_03" time="5.792">
    <system-out>
      <![CDATA[TC_03 : To verify that When experiment is Both Cautious Profile,ABB, Policy Vivriti_Direct_TOPup
Capping = 811257.5 And Grade = NA when fixed capping =1000000  Eligibility is getting calculated properly..!!!]]>
    </system-out>
  </testcase> <!-- TC_03 -->
  <testcase classname="Eligibility_Automation.Vivriti_Direct_Topup" name="TC_08" time="4.061">
    <system-out>
      <![CDATA[TC_08 : When experiment is Salaried, Policy Vivriti_Direct_TOPup
Capping = 600000.0 And Grade = E when fixed capping =600000  Eligibility is getting calculated properly..!!!]]>
    </system-out>
  </testcase> <!-- TC_08 -->
  <testcase classname="Eligibility_Automation.Vivriti_Direct_Topup" name="TC_11" time="4.477">
    <system-out>
      <![CDATA[TC_11 : To verify that Max capping where “no experiment” is applied (excl DSA,) where Business vintage is > 3 years & one property is owned
ABB_Capping = 1243129.9 And Grade =A when fixed capping =2000000  Eligibility is getting calculated properly..!!!
BTO Capping = 1500000.0 And Grade = A when fixed capping =2000000Eligibility is getting calculated properly..!!!]]>
    </system-out>
  </testcase> <!-- TC_11 -->
  <testcase classname="Eligibility_Automation.Vivriti_Direct_Topup" name="TC_06" time="4.105">
    <system-out>
      <![CDATA[TC_06 : To verify that When experiment is  Cautious Location, ABB,Policy Vivriti_Direct_TOPup
]]>
    </system-out>
  </testcase> <!-- TC_06 -->
  <testcase classname="Eligibility_Automation.Vivriti_Direct_Topup" name="TC_12" time="21.840">
    <system-out>
      <![CDATA[TC_12 : To verify that When experiment is Both Rented, Policy Vivriti_Direct_TOPup and account is NTC
Eligibility is not getting calculated properly..!!!
Eligibility is not getting calculated properly..!!!
Eligibility is not getting calculated properly..!!!
Eligibility is not getting calculated properly..!!!]]>
    </system-out>
  </testcase> <!-- TC_12 -->
  <testcase classname="Eligibility_Automation.Vivriti_Direct_Topup" name="TC_11" time="5.471">
    <system-out>
      <![CDATA[TC_11 : To verify that Max capping where “no experiment” is applied (excl DSA,) where Business vintage is > 3 years & one property is owned
ABB_Capping = 1036832.3 And Grade =B when fixed capping =2000000  Eligibility is getting calculated properly..!!!
BTO Capping = 1500000.0 And Grade = B when fixed capping =2000000Eligibility is getting calculated properly..!!!]]>
    </system-out>
  </testcase> <!-- TC_11 -->
  <testcase classname="Eligibility_Automation.Vivriti_Direct_Topup" name="TC_01" time="4.007">
    <system-out>
      <![CDATA[TC_01 : To verify the final capping if policy is Vivriti_Direct_TOPup , ALL risk grade , no experiment, ABB & BTO
 Test Loancode =667e7629pul91
ABB_Capping = 1036832.3 And Grade = B when fixed capping =1500000  Eligibility is getting calculated properly..!!!
BTO Capping = 1500000.0 And Grade = B when fixed capping =1500000  Eligibility is getting calculated properly..!!!]]>
    </system-out>
  </testcase> <!-- TC_01 -->
  <testcase classname="Eligibility_Automation.Vivriti_Direct_Topup" name="TC_09" time="4.305">
    <system-out>
      <![CDATA[TC_09 : When ODCC, Policy Vivriti_Direct_TOPup (only ABB)
Capping = 564604.3 And Grade = D when fixed capping =1000000  Eligibility is getting calculated properly..!!!]]>
    </system-out>
  </testcase> <!-- TC_09 -->
  <testcase classname="Eligibility_Automation.Vivriti_Direct_Topup" name="TC_11" time="4.869">
    <system-out>
      <![CDATA[TC_11 : To verify that Max capping where “no experiment” is applied (excl DSA,) where Business vintage is > 3 years & one property is owned
ABB_Capping = 564604.3 And Grade =D when fixed capping =1500000  Eligibility is getting calculated properly..!!!
BTO Capping = 1500000.0 And Grade = D when fixed capping =2000000Eligibility is getting calculated properly..!!!]]>
    </system-out>
  </testcase> <!-- TC_11 -->
  <testcase classname="Eligibility_Automation.Vivriti_Direct_Topup" name="TC_14" time="5.370">
    <system-out>
      <![CDATA[TC_14 : To verify that When experiment is Both Rented, Policy Vivriti_Direct_TOPup and account is ODCC
 Risk Grade Is 'A'  And Experiment Is Both Rented Then ODCC Capping Is '1000000.0' when fixed capping = '1000000'  ... Eligibility is getting calculated Properly.!!! ]]>
    </system-out>
  </testcase> <!-- TC_14 -->
  <testcase classname="Eligibility_Automation.Vivriti_Direct_Topup" name="TC_06" time="4.485">
    <system-out>
      <![CDATA[TC_06 : To verify that When experiment is  Cautious Location, ABB,Policy Vivriti_Direct_TOPup
Capping = 811257.5 And Grade = C when fixed capping =1000000  Eligibility is getting calculated properly..!!!]]>
    </system-out>
  </testcase> <!-- TC_06 -->
  <testcase classname="Eligibility_Automation.Vivriti_Direct_Topup" name="TC_06" time="4.295">
    <system-out>
      <![CDATA[TC_06 : To verify that When experiment is  Cautious Location, ABB,Policy Vivriti_Direct_TOPup
Capping = 564604.3 And Grade = E when fixed capping =1000000  Eligibility is getting calculated properly..!!!]]>
    </system-out>
  </testcase> <!-- TC_06 -->
  <testcase classname="Eligibility_Automation.Vivriti_Direct_Topup" name="TC_05" time="3.877">
    <system-out>
      <![CDATA[TC_05 : When experiment is Both Toxic Profile, Policy Vivriti_Direct_TOPup
Eligibility is not getting calculated properly..!!!]]>
    </system-out>
  </testcase> <!-- TC_05 -->
  <testcase classname="Eligibility_Automation.Vivriti_Direct_Topup" name="TC_01" time="3.876">
    <system-out>
      <![CDATA[TC_01 : To verify the final capping if policy is Vivriti_Direct_TOPup , ALL risk grade , no experiment, ABB & BTO
 Test Loancode =667e7629pul91
ABB_Capping = 811257.5 And Grade = C when fixed capping =1000000  Eligibility is getting calculated properly..!!!
BTO Capping = 1500000.0 And Grade = C when fixed capping =1500000  Eligibility is getting calculated properly..!!!]]>
    </system-out>
  </testcase> <!-- TC_01 -->
  <testcase classname="Eligibility_Automation.Vivriti_Direct_Topup" name="TC_03" time="3.903">
    <system-out>
      <![CDATA[TC_03 : To verify that When experiment is Both Cautious Profile,ABB, Policy Vivriti_Direct_TOPup
Capping = 564604.3 And Grade = E when fixed capping =1000000  Eligibility is getting calculated properly..!!!]]>
    </system-out>
  </testcase> <!-- TC_03 -->
  <testcase classname="Eligibility_Automation.Vivriti_Direct_Topup" name="TC_09" time="3.864">
    <system-out>
      <![CDATA[TC_09 : When ODCC, Policy Vivriti_Direct_TOPup (only ABB)
Eligibility is not getting calculated properly..!!!]]>
    </system-out>
  </testcase> <!-- TC_09 -->
  <testcase classname="Eligibility_Automation.Vivriti_Direct_Topup" name="TC_12" time="21.830">
    <system-out>
      <![CDATA[TC_12 : To verify that When experiment is Both Rented, Policy Vivriti_Direct_TOPup and account is NTC
Eligibility is not getting calculated properly..!!!
Eligibility is not getting calculated properly..!!!
Eligibility is not getting calculated properly..!!!
Eligibility is not getting calculated properly..!!!]]>
    </system-out>
  </testcase> <!-- TC_12 -->
  <testcase classname="Eligibility_Automation.Vivriti_Direct_Topup" name="TC_08" time="4.849">
    <system-out>
      <![CDATA[TC_08 : When experiment is Salaried, Policy Vivriti_Direct_TOPup
Capping = 800000.0 And Grade = B when fixed capping =800000  Eligibility is getting calculated properly..!!!]]>
    </system-out>
  </testcase> <!-- TC_08 -->
  <testcase classname="Eligibility_Automation.Vivriti_Direct_Topup" name="TC_12" time="20.980">
    <system-out>
      <![CDATA[TC_12 : To verify that When experiment is Both Rented, Policy Vivriti_Direct_TOPup and account is NTC
Eligibility is not getting calculated properly..!!!
Eligibility is not getting calculated properly..!!!
Eligibility is not getting calculated properly..!!!
Eligibility is not getting calculated properly..!!!]]>
    </system-out>
  </testcase> <!-- TC_12 -->
  <testcase classname="Eligibility_Automation.Vivriti_Direct_Topup" name="TC_07" time="5.494">
    <system-out>
      <![CDATA[TC_07 : When experiment is  Cautious Location, BTO,Policy Vivriti_Direct_TOPup
Capping = 1500000.0 And Grade =E when fixed capping =1500000  Eligibility is getting calculated properly..!!!]]>
    </system-out>
  </testcase> <!-- TC_07 -->
  <testcase classname="Eligibility_Automation.Vivriti_Direct_Topup" name="TC_01" time="4.768">
    <system-out>
      <![CDATA[TC_01 : To verify the final capping if policy is Vivriti_Direct_TOPup , ALL risk grade , no experiment, ABB & BTO
 Test Loancode =667e7629pul91
ABB_Capping = 564604.3 And Grade = E when fixed capping =1000000  Eligibility is getting calculated properly..!!!
BTO Capping = 1500000.0 And Grade = E when fixed capping =1500000  Eligibility is getting calculated properly..!!!]]>
    </system-out>
  </testcase> <!-- TC_01 -->
  <testcase classname="Eligibility_Automation.Vivriti_Direct_Topup" name="TC_02" time="3.825">
    <system-out>
      <![CDATA[TC_02 : To verify that When experiment is Both Rented, Policy Vivriti_Direct_TOPup
Capping = 600000.0 And Grade = NA when fixed capping =600000  Eligibility is getting calculated properly..!!!]]>
    </system-out>
  </testcase> <!-- TC_02 -->
  <testcase classname="Eligibility_Automation.Vivriti_Direct_Topup" name="TC_13" time="4.906">
    <system-out>
      <![CDATA[TC_13 : To verify that When experiment is Both Rented, Policy Vivriti_Direct_TOPup and account is Thin cibil
Eligibility is not getting calculated properly..!!!]]>
    </system-out>
  </testcase> <!-- TC_13 -->
  <testcase classname="Eligibility_Automation.Vivriti_Direct_Topup" name="TC_09" time="5.106">
    <system-out>
      <![CDATA[TC_09 : When ODCC, Policy Vivriti_Direct_TOPup (only ABB)
Capping = 564604.3 And Grade = E when fixed capping =1000000  Eligibility is getting calculated properly..!!!]]>
    </system-out>
  </testcase> <!-- TC_09 -->
  <testcase classname="Eligibility_Automation.Vivriti_Direct_Topup" name="TC_02" time="4.222">
    <system-out>
      <![CDATA[TC_02 : To verify that When experiment is Both Rented, Policy Vivriti_Direct_TOPup
Capping = 600000.0 And Grade = E when fixed capping =600000  Eligibility is getting calculated properly..!!!]]>
    </system-out>
  </testcase> <!-- TC_02 -->
  <testcase classname="Eligibility_Automation.Vivriti_Direct_Topup" name="TC_13" time="5.760">
    <system-out>
      <![CDATA[TC_13 : To verify that When experiment is Both Rented, Policy Vivriti_Direct_TOPup and account is Thin cibil
IF Risk_Garde IS 'B Than Final_BTO_Capping IS '800000.0' when fixed capping = '500000' ... Eligibility Capping is calculated Properly..!!!!]]>
    </system-out>
  </testcase> <!-- TC_13 -->
  <testcase classname="Eligibility_Automation.Vivriti_Direct_Topup" name="TC_14" time="4.837">
    <system-out>
      <![CDATA[TC_14 : To verify that When experiment is Both Rented, Policy Vivriti_Direct_TOPup and account is ODCC
 Risk Grade Is 'B'  And Experiment Is Both Rented Then ODCC Capping Is '800000.0' when fixed capping = '1000000'  ... Eligibility is getting calculated Properly.!!! ]]>
    </system-out>
  </testcase> <!-- TC_14 -->
  <testcase classname="Eligibility_Automation.Vivriti_Direct_Topup" name="TC_04" time="4.161">
    <system-out>
      <![CDATA[TC_04 : To verify that When experiment is Both Cautious Profile,BTO, Policy Vivriti_Direct_TOPup
Capping = 1500000.0 And Grade = A when fixed capping =1500000  Eligibility is getting calculated properly..!!!]]>
    </system-out>
  </testcase> <!-- TC_04 -->
  <testcase classname="Eligibility_Automation.Vivriti_Direct_Topup" name="TC_08" time="4.524">
    <system-out>
      <![CDATA[TC_08 : When experiment is Salaried, Policy Vivriti_Direct_TOPup
Capping = 600000.0 And Grade = NA when fixed capping =600000  Eligibility is getting calculated properly..!!!]]>
    </system-out>
  </testcase> <!-- TC_08 -->
  <testcase classname="Eligibility_Automation.Vivriti_Direct_Topup" name="TC_13" time="6.430">
    <system-out>
      <![CDATA[TC_13 : To verify that When experiment is Both Rented, Policy Vivriti_Direct_TOPup and account is Thin cibil
IF Risk_Garde IS 'C Than Final_BTO_Capping IS '600000.0' when fixed capping = '500000' ... Eligibility Capping is calculated Properly..!!!!]]>
    </system-out>
  </testcase> <!-- TC_13 -->
  <testcase classname="Eligibility_Automation.Vivriti_Direct_Topup" name="TC_11" time="5.292">
    <system-out>
      <![CDATA[TC_11 : To verify that Max capping where “no experiment” is applied (excl DSA,) where Business vintage is > 3 years & one property is owned
ABB_Capping = 811257.5 And Grade =C when fixed capping =1500000  Eligibility is getting calculated properly..!!!
BTO Capping = 1500000.0 And Grade = C when fixed capping =2000000Eligibility is getting calculated properly..!!!]]>
    </system-out>
  </testcase> <!-- TC_11 -->
  <testcase classname="Eligibility_Automation.Vivriti_Direct_Topup" name="TC_14" time="4.031">
    <system-out>
      <![CDATA[TC_14 : To verify that When experiment is Both Rented, Policy Vivriti_Direct_TOPup and account is ODCC
 Risk Grade Is 'E'  And Experiment Is Both Rented Then ODCC Capping Is '600000.0' when fixed capping = '1000000'  ... Eligibility is getting calculated Properly.!!! ]]>
    </system-out>
  </testcase> <!-- TC_14 -->
  <testcase classname="Eligibility_Automation.Vivriti_Direct_Topup" name="TC_07" time="4.910">
    <system-out>
      <![CDATA[TC_07 : When experiment is  Cautious Location, BTO,Policy Vivriti_Direct_TOPup
Capping = 1500000.0 And Grade =D when fixed capping =1500000  Eligibility is getting calculated properly..!!!]]>
    </system-out>
  </testcase> <!-- TC_07 -->
  <testcase classname="Eligibility_Automation.Vivriti_Direct_Topup" name="TC_08" time="4.152">
    <system-out>
      <![CDATA[TC_08 : When experiment is Salaried, Policy Vivriti_Direct_TOPup
Capping = 1000000.0 And Grade = A when fixed capping =1000000  Eligibility is getting calculated properly..!!!]]>
    </system-out>
  </testcase> <!-- TC_08 -->
  <testcase classname="Eligibility_Automation.Vivriti_Direct_Topup" name="TC_10" time="5.149">
    <system-out>
      <![CDATA[TC_10 : To verify that When Experiment is Saving Account, Policy Vivriti_Direct_TOPup
Eligibility is not getting calculated properly..!!!]]>
    </system-out>
  </testcase> <!-- TC_10 -->
  <testcase classname="Eligibility_Automation.Vivriti_Direct_Topup" name="TC_03" time="4.123">
    <system-out>
      <![CDATA[TC_03 : To verify that When experiment is Both Cautious Profile,ABB, Policy Vivriti_Direct_TOPup
]]>
    </system-out>
  </testcase> <!-- TC_03 -->
  <testcase classname="Eligibility_Automation.Vivriti_Direct_Topup" name="TC_01" time="5.536">
    <system-out>
      <![CDATA[TC_01 : To verify the final capping if policy is Vivriti_Direct_TOPup , ALL risk grade , no experiment, ABB & BTO
 Test Loancode =667e7629pul91
ABB_Capping = 1243129.9 And Grade = A when fixed capping =1500000  Eligibility is getting calculated properly..!!!
BTO Capping = 1500000.0 And Grade = A when fixed capping =1500000  Eligibility is getting calculated properly..!!!]]>
    </system-out>
  </testcase> <!-- TC_01 -->
  <testcase classname="Eligibility_Automation.Vivriti_Direct_Topup" name="TC_02" time="4.780">
    <system-out>
      <![CDATA[TC_02 : To verify that When experiment is Both Rented, Policy Vivriti_Direct_TOPup
Capping = 1000000.0 And Grade = A when fixed capping =1000000  Eligibility is getting calculated properly..!!!]]>
    </system-out>
  </testcase> <!-- TC_02 -->
  <testcase classname="Eligibility_Automation.Vivriti_Direct_Topup" name="TC_09" time="5.578">
    <system-out>
      <![CDATA[TC_09 : When ODCC, Policy Vivriti_Direct_TOPup (only ABB)
Capping = 811257.5 And Grade = NA when fixed capping =1000000  Eligibility is getting calculated properly..!!!]]>
    </system-out>
  </testcase> <!-- TC_09 -->
  <testcase classname="Eligibility_Automation.Vivriti_Direct_Topup" name="TC_10" time="4.735">
    <system-out>
      <![CDATA[TC_10 : To verify that When Experiment is Saving Account, Policy Vivriti_Direct_TOPup
Eligibility is not getting calculated properly..!!!]]>
    </system-out>
  </testcase> <!-- TC_10 -->
  <system-out>
    <![CDATA[ DB Connection Successfull
 DB Connection Successfull
TC_01 : To verify the final capping if policy is Vivriti_Direct_TOPup , ALL risk grade , no experiment, ABB & BTO
 Test Loancode =667e7629pul91
ABB_Capping = 1243129.9 And Grade = A when fixed capping =1500000  Eligibility is getting calculated properly..!!!
BTO Capping = 1500000.0 And Grade = A when fixed capping =1500000  Eligibility is getting calculated properly..!!!
TC_01 : To verify the final capping if policy is Vivriti_Direct_TOPup , ALL risk grade , no experiment, ABB & BTO
 Test Loancode =667e7629pul91
ABB_Capping = 1036832.3 And Grade = B when fixed capping =1500000  Eligibility is getting calculated properly..!!!
BTO Capping = 1500000.0 And Grade = B when fixed capping =1500000  Eligibility is getting calculated properly..!!!
TC_01 : To verify the final capping if policy is Vivriti_Direct_TOPup , ALL risk grade , no experiment, ABB & BTO
 Test Loancode =667e7629pul91
ABB_Capping = 811257.5 And Grade = C when fixed capping =1000000  Eligibility is getting calculated properly..!!!
BTO Capping = 1500000.0 And Grade = C when fixed capping =1500000  Eligibility is getting calculated properly..!!!
TC_01 : To verify the final capping if policy is Vivriti_Direct_TOPup , ALL risk grade , no experiment, ABB & BTO
 Test Loancode =667e7629pul91
ABB_Capping = 564604.3 And Grade = D when fixed capping =1000000  Eligibility is getting calculated properly..!!!
BTO Capping = 1500000.0 And Grade = D when fixed capping =1500000  Eligibility is getting calculated properly..!!!
TC_01 : To verify the final capping if policy is Vivriti_Direct_TOPup , ALL risk grade , no experiment, ABB & BTO
 Test Loancode =667e7629pul91
ABB_Capping = 564604.3 And Grade = E when fixed capping =1000000  Eligibility is getting calculated properly..!!!
BTO Capping = 1500000.0 And Grade = E when fixed capping =1500000  Eligibility is getting calculated properly..!!!
TC_01 : To verify the final capping if policy is Vivriti_Direct_TOPup , ALL risk grade , no experiment, ABB & BTO
 Test Loancode =667e7629pul91
ABB_Capping = 811257.5 And Grade = NA when fixed capping =1000000  Eligibility is getting calculated properly..!!!
BTO Capping = 1500000.0 And Grade = NA when fixed capping =1500000  Eligibility is getting calculated properly..!!!
TC_02 : To verify that When experiment is Both Rented, Policy Vivriti_Direct_TOPup
Capping = 1000000.0 And Grade = A when fixed capping =1000000  Eligibility is getting calculated properly..!!!
TC_02 : To verify that When experiment is Both Rented, Policy Vivriti_Direct_TOPup
Capping = 800000.0 And Grade =B when fixed capping =800000  Eligibility is getting calculated properly..!!!
TC_02 : To verify that When experiment is Both Rented, Policy Vivriti_Direct_TOPup
Capping = 600000.0 And Grade = C when fixed capping =600000  Eligibility is getting calculated properly..!!!
TC_02 : To verify that When experiment is Both Rented, Policy Vivriti_Direct_TOPup
Capping = 600000.0 And Grade = D when fixed capping =600000  Eligibility is getting calculated properly..!!!
TC_02 : To verify that When experiment is Both Rented, Policy Vivriti_Direct_TOPup
Capping = 600000.0 And Grade = E when fixed capping =600000  Eligibility is getting calculated properly..!!!
TC_02 : To verify that When experiment is Both Rented, Policy Vivriti_Direct_TOPup
Capping = 600000.0 And Grade = NA when fixed capping =600000  Eligibility is getting calculated properly..!!!
TC_03 : To verify that When experiment is Both Cautious Profile,ABB, Policy Vivriti_Direct_TOPup

TC_03 : To verify that When experiment is Both Cautious Profile,ABB, Policy Vivriti_Direct_TOPup

TC_03 : To verify that When experiment is Both Cautious Profile,ABB, Policy Vivriti_Direct_TOPup
Capping = 811257.5 And Grade = C when fixed capping =1000000  Eligibility is getting calculated properly..!!!
TC_03 : To verify that When experiment is Both Cautious Profile,ABB, Policy Vivriti_Direct_TOPup
Capping = 564604.3 And Grade = D when fixed capping =1000000  Eligibility is getting calculated properly..!!!
TC_03 : To verify that When experiment is Both Cautious Profile,ABB, Policy Vivriti_Direct_TOPup
Capping = 564604.3 And Grade = E when fixed capping =1000000  Eligibility is getting calculated properly..!!!
TC_03 : To verify that When experiment is Both Cautious Profile,ABB, Policy Vivriti_Direct_TOPup
Capping = 811257.5 And Grade = NA when fixed capping =1000000  Eligibility is getting calculated properly..!!!
TC_04 : To verify that When experiment is Both Cautious Profile,BTO, Policy Vivriti_Direct_TOPup
Capping = 1500000.0 And Grade = A when fixed capping =1500000  Eligibility is getting calculated properly..!!!
TC_04 : To verify that When experiment is Both Cautious Profile,BTO, Policy Vivriti_Direct_TOPup
Capping = 1500000.0 And Grade = B when fixed capping =1500000  Eligibility is getting calculated properly..!!!
TC_04 : To verify that When experiment is Both Cautious Profile,BTO, Policy Vivriti_Direct_TOPup
Capping = 1500000.0 And Grade = C when fixed capping =1500000  Eligibility is getting calculated properly..!!!
TC_04 : To verify that When experiment is Both Cautious Profile,BTO, Policy Vivriti_Direct_TOPup
Capping = 1500000.0 And Grade = D when fixed capping =1500000  Eligibility is getting calculated properly..!!!
TC_04 : To verify that When experiment is Both Cautious Profile,BTO, Policy Vivriti_Direct_TOPup
Capping = 1500000.0 And Grade = E when fixed capping =1500000  Eligibility is getting calculated properly..!!!
TC_04 : To verify that When experiment is Both Cautious Profile,BTO, Policy Vivriti_Direct_TOPup
Capping = 1500000.0 And Grade = NA when fixed capping =1500000  Eligibility is getting calculated properly..!!!
TC_05 : When experiment is Both Toxic Profile, Policy Vivriti_Direct_TOPup
Eligibility is not getting calculated properly..!!!
TC_05 : When experiment is Both Toxic Profile, Policy Vivriti_Direct_TOPup
Eligibility is not getting calculated properly..!!!
TC_05 : When experiment is Both Toxic Profile, Policy Vivriti_Direct_TOPup
Eligibility is not getting calculated properly..!!!
TC_05 : When experiment is Both Toxic Profile, Policy Vivriti_Direct_TOPup
Eligibility is not getting calculated properly..!!!
TC_05 : When experiment is Both Toxic Profile, Policy Vivriti_Direct_TOPup
Eligibility is not getting calculated properly..!!!
TC_05 : When experiment is Both Toxic Profile, Policy Vivriti_Direct_TOPup
Eligibility is not getting calculated properly..!!!
TC_06 : To verify that When experiment is  Cautious Location, ABB,Policy Vivriti_Direct_TOPup

TC_06 : To verify that When experiment is  Cautious Location, ABB,Policy Vivriti_Direct_TOPup

TC_06 : To verify that When experiment is  Cautious Location, ABB,Policy Vivriti_Direct_TOPup
Capping = 811257.5 And Grade = C when fixed capping =1000000  Eligibility is getting calculated properly..!!!
TC_06 : To verify that When experiment is  Cautious Location, ABB,Policy Vivriti_Direct_TOPup
Capping = 564604.3 And Grade = D when fixed capping =1000000  Eligibility is getting calculated properly..!!!
TC_06 : To verify that When experiment is  Cautious Location, ABB,Policy Vivriti_Direct_TOPup
Capping = 564604.3 And Grade = E when fixed capping =1000000  Eligibility is getting calculated properly..!!!
TC_06 : To verify that When experiment is  Cautious Location, ABB,Policy Vivriti_Direct_TOPup
Capping = 811257.5 And Grade = NA when fixed capping =1000000  Eligibility is getting calculated properly..!!!
TC_07 : When experiment is  Cautious Location, BTO,Policy Vivriti_Direct_TOPup
Capping = 1500000.0 And Grade =A when fixed capping =1500000  Eligibility is getting calculated properly..!!!
TC_07 : When experiment is  Cautious Location, BTO,Policy Vivriti_Direct_TOPup
Capping = 1500000.0 And Grade =B when fixed capping =1500000  Eligibility is getting calculated properly..!!!
TC_07 : When experiment is  Cautious Location, BTO,Policy Vivriti_Direct_TOPup
Capping = 1500000.0 And Grade =C when fixed capping =1500000  Eligibility is getting calculated properly..!!!
TC_07 : When experiment is  Cautious Location, BTO,Policy Vivriti_Direct_TOPup
Capping = 1500000.0 And Grade =D when fixed capping =1500000  Eligibility is getting calculated properly..!!!
TC_07 : When experiment is  Cautious Location, BTO,Policy Vivriti_Direct_TOPup
Capping = 1500000.0 And Grade =E when fixed capping =1500000  Eligibility is getting calculated properly..!!!
TC_07 : When experiment is  Cautious Location, BTO,Policy Vivriti_Direct_TOPup
Capping = 1500000.0 And Grade =NA when fixed capping =1500000  Eligibility is getting calculated properly..!!!
TC_08 : When experiment is Salaried, Policy Vivriti_Direct_TOPup
Capping = 1000000.0 And Grade = A when fixed capping =1000000  Eligibility is getting calculated properly..!!!
TC_08 : When experiment is Salaried, Policy Vivriti_Direct_TOPup
Capping = 800000.0 And Grade = B when fixed capping =800000  Eligibility is getting calculated properly..!!!
TC_08 : When experiment is Salaried, Policy Vivriti_Direct_TOPup
Capping = 600000.0 And Grade = C when fixed capping =600000  Eligibility is getting calculated properly..!!!
TC_08 : When experiment is Salaried, Policy Vivriti_Direct_TOPup
Capping = 600000.0 And Grade = D when fixed capping =600000  Eligibility is getting calculated properly..!!!
TC_08 : When experiment is Salaried, Policy Vivriti_Direct_TOPup
Capping = 600000.0 And Grade = E when fixed capping =600000  Eligibility is getting calculated properly..!!!
TC_08 : When experiment is Salaried, Policy Vivriti_Direct_TOPup
Capping = 600000.0 And Grade = NA when fixed capping =600000  Eligibility is getting calculated properly..!!!
TC_09 : When ODCC, Policy Vivriti_Direct_TOPup (only ABB)
Eligibility is not getting calculated properly..!!!
TC_09 : When ODCC, Policy Vivriti_Direct_TOPup (only ABB)
Eligibility is not getting calculated properly..!!!
TC_09 : When ODCC, Policy Vivriti_Direct_TOPup (only ABB)
Capping = 811257.5 And Grade = C when fixed capping =1000000  Eligibility is getting calculated properly..!!!
TC_09 : When ODCC, Policy Vivriti_Direct_TOPup (only ABB)
Capping = 564604.3 And Grade = D when fixed capping =1000000  Eligibility is getting calculated properly..!!!
TC_09 : When ODCC, Policy Vivriti_Direct_TOPup (only ABB)
Capping = 564604.3 And Grade = E when fixed capping =1000000  Eligibility is getting calculated properly..!!!
TC_09 : When ODCC, Policy Vivriti_Direct_TOPup (only ABB)
Capping = 811257.5 And Grade = NA when fixed capping =1000000  Eligibility is getting calculated properly..!!!
TC_10 : To verify that When Experiment is Saving Account, Policy Vivriti_Direct_TOPup
Eligibility is not getting calculated properly..!!!
TC_10 : To verify that When Experiment is Saving Account, Policy Vivriti_Direct_TOPup
Eligibility is not getting calculated properly..!!!
TC_10 : To verify that When Experiment is Saving Account, Policy Vivriti_Direct_TOPup
Eligibility is not getting calculated properly..!!!
TC_10 : To verify that When Experiment is Saving Account, Policy Vivriti_Direct_TOPup
Eligibility is not getting calculated properly..!!!
TC_10 : To verify that When Experiment is Saving Account, Policy Vivriti_Direct_TOPup
Eligibility is not getting calculated properly..!!!
TC_10 : To verify that When Experiment is Saving Account, Policy Vivriti_Direct_TOPup
Eligibility is not getting calculated properly..!!!
TC_11 : To verify that Max capping where “no experiment” is applied (excl DSA,) where Business vintage is > 3 years & one property is owned
ABB_Capping = 1243129.9 And Grade =A when fixed capping =2000000  Eligibility is getting calculated properly..!!!
BTO Capping = 1500000.0 And Grade = A when fixed capping =2000000Eligibility is getting calculated properly..!!!
TC_11 : To verify that Max capping where “no experiment” is applied (excl DSA,) where Business vintage is > 3 years & one property is owned
ABB_Capping = 1036832.3 And Grade =B when fixed capping =2000000  Eligibility is getting calculated properly..!!!
BTO Capping = 1500000.0 And Grade = B when fixed capping =2000000Eligibility is getting calculated properly..!!!
TC_11 : To verify that Max capping where “no experiment” is applied (excl DSA,) where Business vintage is > 3 years & one property is owned
ABB_Capping = 811257.5 And Grade =C when fixed capping =1500000  Eligibility is getting calculated properly..!!!
BTO Capping = 1500000.0 And Grade = C when fixed capping =2000000Eligibility is getting calculated properly..!!!
TC_11 : To verify that Max capping where “no experiment” is applied (excl DSA,) where Business vintage is > 3 years & one property is owned
ABB_Capping = 564604.3 And Grade =D when fixed capping =1500000  Eligibility is getting calculated properly..!!!
BTO Capping = 1500000.0 And Grade = D when fixed capping =2000000Eligibility is getting calculated properly..!!!
TC_11 : To verify that Max capping where “no experiment” is applied (excl DSA,) where Business vintage is > 3 years & one property is owned
Eligibility is not getting calculated properly..!!!
Eligibility is not getting calculated properly..!!!
TC_11 : To verify that Max capping where “no experiment” is applied (excl DSA,) where Business vintage is > 3 years & one property is owned
Eligibility is not getting calculated properly..!!!
Eligibility is not getting calculated properly..!!!
TC_12 : To verify that When experiment is Both Rented, Policy Vivriti_Direct_TOPup and account is NTC
Eligibility is not getting calculated properly..!!!
Eligibility is not getting calculated properly..!!!
Eligibility is not getting calculated properly..!!!
Eligibility is not getting calculated properly..!!!
TC_12 : To verify that When experiment is Both Rented, Policy Vivriti_Direct_TOPup and account is NTC
Eligibility is not getting calculated properly..!!!
Eligibility is not getting calculated properly..!!!
Eligibility is not getting calculated properly..!!!
Eligibility is not getting calculated properly..!!!
TC_12 : To verify that When experiment is Both Rented, Policy Vivriti_Direct_TOPup and account is NTC
Eligibility is not getting calculated properly..!!!
Eligibility is not getting calculated properly..!!!
Eligibility is not getting calculated properly..!!!
Eligibility is not getting calculated properly..!!!
TC_12 : To verify that When experiment is Both Rented, Policy Vivriti_Direct_TOPup and account is NTC
Eligibility is not getting calculated properly..!!!
Eligibility is not getting calculated properly..!!!
Eligibility is not getting calculated properly..!!!
Eligibility is not getting calculated properly..!!!
TC_12 : To verify that When experiment is Both Rented, Policy Vivriti_Direct_TOPup and account is NTC
Eligibility is not getting calculated properly..!!!
Eligibility is not getting calculated properly..!!!
Eligibility is not getting calculated properly..!!!
Eligibility is not getting calculated properly..!!!
TC_12 : To verify that When experiment is Both Rented, Policy Vivriti_Direct_TOPup and account is NTC
Eligibility is not getting calculated properly..!!!
Eligibility is not getting calculated properly..!!!
Eligibility is not getting calculated properly..!!!
Eligibility is not getting calculated properly..!!!
TC_13 : To verify that When experiment is Both Rented, Policy Vivriti_Direct_TOPup and account is Thin cibil
IF Risk_Garde IS 'A Than Final_BTO_Capping IS '1000000.0' when fixed capping = '500000' ... Eligibility Capping is calculated Properly..!!!!
TC_13 : To verify that When experiment is Both Rented, Policy Vivriti_Direct_TOPup and account is Thin cibil
IF Risk_Garde IS 'B Than Final_BTO_Capping IS '800000.0' when fixed capping = '500000' ... Eligibility Capping is calculated Properly..!!!!
TC_13 : To verify that When experiment is Both Rented, Policy Vivriti_Direct_TOPup and account is Thin cibil
IF Risk_Garde IS 'C Than Final_BTO_Capping IS '600000.0' when fixed capping = '500000' ... Eligibility Capping is calculated Properly..!!!!
TC_13 : To verify that When experiment is Both Rented, Policy Vivriti_Direct_TOPup and account is Thin cibil
IF Risk_Garde IS 'D Than Final_BTO_Capping IS '600000.0' when fixed capping = '500000' ... Eligibility Capping is calculated Properly..!!!!
TC_13 : To verify that When experiment is Both Rented, Policy Vivriti_Direct_TOPup and account is Thin cibil
IF Risk_Garde IS 'E Than Final_BTO_Capping IS '600000.0' when fixed capping = '500000' ... Eligibility Capping is calculated Properly..!!!!
TC_13 : To verify that When experiment is Both Rented, Policy Vivriti_Direct_TOPup and account is Thin cibil
Eligibility is not getting calculated properly..!!!
TC_14 : To verify that When experiment is Both Rented, Policy Vivriti_Direct_TOPup and account is ODCC
 Risk Grade Is 'A'  And Experiment Is Both Rented Then ODCC Capping Is '1000000.0' when fixed capping = '1000000'  ... Eligibility is getting calculated Properly.!!! 
TC_14 : To verify that When experiment is Both Rented, Policy Vivriti_Direct_TOPup and account is ODCC
 Risk Grade Is 'B'  And Experiment Is Both Rented Then ODCC Capping Is '800000.0' when fixed capping = '1000000'  ... Eligibility is getting calculated Properly.!!! 
TC_14 : To verify that When experiment is Both Rented, Policy Vivriti_Direct_TOPup and account is ODCC
 Risk Grade Is 'C'  And Experiment Is Both Rented Then ODCC Capping Is '600000.0' when fixed capping = '1000000'  ... Eligibility is getting calculated Properly.!!! 
TC_14 : To verify that When experiment is Both Rented, Policy Vivriti_Direct_TOPup and account is ODCC
 Risk Grade Is 'D'  And Experiment Is Both Rented Then ODCC Capping Is '600000.0' when fixed capping = '1000000'  ... Eligibility is getting calculated Properly.!!! 
TC_14 : To verify that When experiment is Both Rented, Policy Vivriti_Direct_TOPup and account is ODCC
 Risk Grade Is 'E'  And Experiment Is Both Rented Then ODCC Capping Is '600000.0' when fixed capping = '1000000'  ... Eligibility is getting calculated Properly.!!! 
TC_14 : To verify that When experiment is Both Rented, Policy Vivriti_Direct_TOPup and account is ODCC
Eligibility is not getting calculated properly..!!!]]>
  </system-out>
</testsuite> <!-- Eligibility_Automation.Vivriti_Direct_Topup -->
