<?xml version="1.0" encoding="UTF-8"?>
<!-- Generated by org.testng.reporters.JUnitReportReporter -->
<testsuite hostname="FLLAP0570-MaheshNarvanes-MacBook-Air.local" failures="0" tests="7" name="NLP.NLP3_GreaterThan2Lakh_flow" time="348.050" errors="0" timestamp="2023-11-07T13:11:03 IST" skipped="0">
  <testcase classname="NLP.NLP3_GreaterThan2Lakh_flow" name="landing_Page_NLP3_GT2" time="6.487"/>
  <system-out>
    <![CDATA[ Customer's Name Is = KALPESH GENERAL STORE
 Customer's Mobile No Is = 7345750169
 Business Vintage Is = 
 Account Type Is = 
 GST Registerd ? = 
 Monthly Sale = ]]>
  </system-out>
  <testcase classname="NLP.NLP3_GreaterThan2Lakh_flow" name="form2" time="105.920"/>
  <system-out>
    <![CDATA[ PanNo is = 
 DOB is = 
 PinCode is = 
 Gender is = Male
The loancode is = 6549e8bb4im6l]]>
  </system-out>
  <testcase classname="NLP.NLP3_GreaterThan2Lakh_flow" name="pull_CKYC" time="17.509"/>
  <system-out>
    <![CDATA[ DB Connection Successfull
 DB Connection Successfull]]>
  </system-out>
  <testcase classname="NLP.NLP3_GreaterThan2Lakh_flow" name="form3" time="63.943"/>
  <system-out/>
  <testcase classname="NLP.NLP3_GreaterThan2Lakh_flow" name="pob_document_upload" time="5.074"/>
  <system-out/>
  <testcase classname="NLP.NLP3_GreaterThan2Lakh_flow" name="form4" time="16.016"/>
  <system-out/>
  <testcase classname="NLP.NLP3_GreaterThan2Lakh_flow" name="form5" time="133.101"/>
  <system-out>
    <![CDATA[The loancode is = 6549e8bb4im6l
 NLP-1 > 2lakh MTO Presanction Journey Completed  , Thank You!!]]>
  </system-out>
</testsuite> <!-- NLP.NLP3_GreaterThan2Lakh_flow -->
