<?xml version="1.0" encoding="UTF-8"?>
<!-- Generated by org.testng.reporters.JUnitReportReporter -->
<testsuite hostname="Bloom-Mohit" failures="0" tests="1" name="Bifrost_Automation.Bifrost_Pd_Api" time="39.102" errors="0" timestamp="2024-06-13T23:13:18 IST" skipped="0">
  <testcase classname="Bifrost_Automation.Bifrost_Pd_Api" name="getRequestMethod" time="39.102">
    <system-out>
      <![CDATA[TC_01 : To verify the Bifrost and PD api key values, Getting the Response, validate the both response
 Test Loancode =625ec62b43kb5
BF Api Key = tenure And Value = 24 && PD Api Key = proposedTenure and Value = 24
Both keys are valid and the responses are identical.
BF Api Key = proposed_roi And Value = 1 && PD Api Key = proposedROI and Value = 1
Both keys are valid and the responses are identical.
BF Api Key = proposed_emi And Value = 10334 && PD Api Key = expectedMontlyEMI and Value = 10334
Both keys are valid and the responses are identical.
BF Api Key = originator_loan_code And Value = 625ec62b43kb5 && PD Api Key = loanCode and Value = 625ec62b43kb5
Both keys are valid and the responses are identical.
BF Api Key = colender_loan_code And Value = 1147022 && PD Api Key = loanCode and Value = 625ec62b43kb5
Both keys are valid and the responses are different.
BF Api Key = proposed_amount And Value = 200000 && PD Api Key = proposedAmount and Value = 200000
Both keys are valid and the responses are identical.
BF Api Key = escrow_available And Value = yes && PD Api Key = isEscrow and Value = true
Both keys are valid and the responses are different.
BF Api Key = sanction_conditions And Value = [{"remarks":"CPV of warehouse in Bangalore-189, 190, Aravindham, 2nd Cross, 2nd Main, Ruby Residential Layout, Dandupalya, Hoskote,\nBengaluru (Bangalore) Rural, Karnataka, 562114\nPre-closing charges to be NIL from the starting month.","condition":[{"label":"CPV Required","data":[{"label":"Residential","checked":true,"data":[{"label":"null null null Mori Road Maharashtra 400016","checked":true}]},{"label":"Office","checked":true,"data":[{"label":"45 WEST PRATHASANAM ROAD KARUR null Mori Road Maharashtra 400016","checked":true}]}],"checked":true},{"label":"GST returns for","gstReturnFor":"","checked":false},{"label":"One reference of relative and one reference of buyer/supplier","checked":true},{"label":"Choose Guarantor","checked":true},{"label":"Others","checked":true},{"label":"Choose Co-applicant","checked":false},{"label":"Ownership Proof Required","data":[{"label":"Residential","checked":true},{"label":"Business","checked":false}],"checked":true}]}] && PD Api Key = sanctionConditions and Value = [[remarks:CPV of warehouse in Bangalore-189, 190, Aravindham, 2nd Cross, 2nd Main, Ruby Residential Layout, Dandupalya, Hoskote,
Bengaluru (Bangalore) Rural, Karnataka, 562114
Pre-closing charges to be NIL from the starting month., condition:[[label:CPV Required, data:[[label:Residential, checked:true, data:[[label:null null null Mori Road Maharashtra 400016, checked:true]]], [label:Office, checked:true, data:[[label:45 WEST PRATHASANAM ROAD KARUR null Mori Road Maharashtra 400016, checked:true]]]], checked:true], [label:GST returns for, gstReturnFor:, checked:false], [label:One reference of relative and one reference of buyer/supplier, checked:true], [label:Choose Guarantor, checked:true], [label:Others, checked:true], [label:Choose Co-applicant, checked:false], [label:Ownership Proof Required, data:[[label:Residential, checked:true], [label:Business, checked:false]], checked:true]]]]
Both keys are valid and the responses are different.
BF Api Key = deviation And Value =  && PD Api Key = otherRemarks and Value = 
Both keys are valid and the responses are identical.
BF Api Key = proposed_approval_date And Value = 2022-04-26 && PD Api Key = approvalDate and Value = 25-04-2024
Both keys are valid and the responses are different.
BF Api Key = tentative_disbursal_date And Value = 2022-04-29 && PD Api Key = disbursalDate and Value = 28-04-2024
Both keys are valid and the responses are different.
BF Api Key = proposed_emi_start_date And Value = 2022-06-01 && PD Api Key = EMIStartDate and Value = 01-06-2024
Both keys are valid and the responses are different.
BF Api Key = proposed_interest_start_date And Value = 2022-05-01 && PD Api Key = interestedStartDate and Value = 01-05-2024
Both keys are valid and the responses are different.
BF Api Key = annual_reducing_rate And Value = 21.57 && PD Api Key = reducingRate and Value = 21.57
Both keys are valid and the responses are identical.
BF Api Key = interest_type And Value = flat && PD Api Key = interestType and Value = Flat
Both keys are valid and the responses are identical.
BF Api Key = total_processing_fee And Value = 37500 && PD Api Key = processingFee and Value = 2000
Both keys are valid and the responses are different.
BF Api Key = processing_fee_percentage And Value = 2.5 && PD Api Key = processingPercentage and Value = 1
Both keys are valid and the responses are different.
BF Api Key = stamp_duty_fee And Value = 600 && PD Api Key = stampDutyFee and Value = 600.0
Both keys are valid and the responses are different.
BF Api Key = stamp_duty_percentage And Value = 0.3 && PD Api Key = stampDutyPercentage and Value = 0.3
Both keys are valid and the responses are identical.
BF Api Key = insurance_premium_percentage And Value = 0 && PD Api Key = insuranceApplied and Value = 0
Both keys are valid and the responses are identical.
BF Api Key = documentation_fee And Value = 0 && PD Api Key = docCharge and Value = 0
Both keys are valid and the responses are identical.
BF Api Key = differential_interest And Value = 333.33 && PD Api Key = differentialInterest and Value = 0
Both keys are valid and the responses are different.
BF Api Key = total_charges And Value = 38433.33 && PD Api Key = totalCharges and Value = 8724
Both keys are valid and the responses are different.
BF Api Key = net_disbursement_amount And Value = 161566.67 && PD Api Key = netDisbursalAmount and Value = 191276
Both keys are valid and the responses are different.
BF Api Key = pos_split_amount And Value = 0 && PD Api Key = posSplitAmount and Value = 
Both keys are valid and the responses are different.
BF Api Key = pos_split_percentage And Value = 0 && PD Api Key = posSplitPercentage and Value = 
Both keys are valid and the responses are different.
BF Api Key = business_name And Value = Opusol Technologies Private Limited && PD Api Key = businessName and Value = Opusol Technologies Private Limited
Both keys are valid and the responses are identical.
BF Api Key = employee_count And Value = 5 && PD Api Key = noEmployee and Value = 5
Both keys are valid and the responses are identical.
BF Api Key = business_pan And Value = ACXPS6000O && PD Api Key = businessPan and Value = ACXPS6000O
Both keys are valid and the responses are identical.
BF Api Key = full_address And Value = 45 WEST PRATHASANAM ROAD KARUR null && PD Api Key = businessAddress and Value = 45 WEST PRATHASANAM ROAD KARUR null
Both keys are valid and the responses are identical.
BF Api Key = address_pin_code And Value = 400016 && PD Api Key = pincode and Value = 400016
Both keys are valid and the responses are identical.
BF Api Key = gst_no And Value = 33AACCO9699J1ZJ && PD Api Key = gstin and Value = 33AACCO9699J1ZJ
Both keys are valid and the responses are identical.
BF Api Key = business_type And Value = retailer && PD Api Key = nature_of_business and Value = [Retailer]
Both keys are valid and the responses are different.
BF Api Key = legal_status And Value = private_limited && PD Api Key = legalStatus and Value = Private Limited
Both keys are valid and the responses are different.
BF Api Key = address_state And Value = MAHARASHTRA && PD Api Key = state and Value = Maharashtra
Both keys are valid and the responses are identical.
BF Api Key = address_city And Value = Mori Road && PD Api Key = city and Value = Mori Road
Both keys are valid and the responses are identical.
BF Api Key = premise_vintage And Value = 1 && PD Api Key = business.vintage and Value = 1
Both keys are valid and the responses are identical.
BF Api Key = relationship_with_owner And Value = brother && PD Api Key = premisesRelationshipType and Value = Father
Both keys are valid and the responses are different.
BF Api Key = cin_no And Value =  && PD Api Key = cin and Value = 
Both keys are valid and the responses are identical.
BF Api Key = first_name And Value = vitthal && PD Api Key = name and Value = Vitthal Ram
Both keys are valid and the responses are different.
BF Api Key = email And Value = sk1221@gmail.com && PD Api Key = email and Value = sk1221@gmail.com
Both keys are valid and the responses are identical.
BF Api Key = mobile_no And Value = 6839839483 && PD Api Key = mobileNo and Value = 6666839777
Both keys are valid and the responses are different.
BF Api Key = dob And Value = 12-08-1983 && PD Api Key = dob and Value = 12-08-1983
Both keys are valid and the responses are identical.
BF Api Key = gender And Value = male && PD Api Key = gender and Value = Male
Both keys are valid and the responses are identical.
BF Api Key = pan And Value = PPQQR2134S && PD Api Key = pan and Value = HGBNV1278N
Both keys are valid and the responses are different.
BF Api Key = education_level And Value = graduate && PD Api Key = education and Value = Graduate
Both keys are valid and the responses are identical.
BF Api Key = marital_status And Value = married && PD Api Key = maritalStatus and Value = Married
Both keys are valid and the responses are identical.
BF Api Key = address_pin_code And Value = 400016 && PD Api Key = pincode and Value = 400016
Both keys are valid and the responses are identical.
BF Api Key = address_city And Value = Mori Road && PD Api Key = city and Value = Mori Road
Both keys are valid and the responses are identical.
BF Api Key = address_state And Value = MAHARASHTRA && PD Api Key = state and Value = Maharashtra
Both keys are valid and the responses are identical.
BF Api Key = address_ownership_status And Value = owned && PD Api Key = ownership and Value = Owned
Both keys are valid and the responses are identical.
BF Api Key = cibil_score And Value = 780 && PD Api Key = cibilScore and Value = 780
Both keys are valid and the responses are identical.
BF Api Key = details.code And Value = [629f5955d4ljznq, 629f5955l51n8qz] && PD Api Key = code and Value = [62626bc2gi3cy, 62626c580b883]
Both keys are valid and the responses are different.
BF Api Key = first_name And Value = [Guarantor, Partner] && PD Api Key = name and Value = [Partner One, Guarantor Test]
Both keys are valid and the responses are different.
BF Api Key = email And Value = [, ] && PD Api Key = email and Value = [, ]
Both keys are valid and the responses are identical.
BF Api Key = mobile_no And Value = [6665333444, 6777666353] && PD Api Key = mobileNo and Value = [6777666353, 6665333444]
Both keys are valid and the responses are different.
BF Api Key = dob And Value = [11-04-1992, 16-02-1992] && PD Api Key = dob and Value = [16-02-1992, 11-04-1992]
Both keys are valid and the responses are different.
BF Api Key = gender And Value = [female, male] && PD Api Key = gender and Value = [Male, Female]
Both keys are valid and the responses are different.
BF Api Key = pan And Value = [AVXPS6000S, AWEPV9171O] && PD Api Key = pan and Value = [AWEPV9171O, AVXPS6000S]
Both keys are valid and the responses are different.
BF Api Key = education_level And Value = [null, null] && PD Api Key = education and Value = [, ]
Both keys are valid and the responses are different.
BF Api Key = marital_status And Value = [null, null] && PD Api Key = maritalStatus and Value = [, ]
Both keys are valid and the responses are different.
BF Api Key = cibil_score And Value = [0, 0] && PD Api Key = cibilScore and Value = [, ]
Both keys are valid and the responses are different.
BF Api Key = address_city And Value = [Karur West, Karur West] && PD Api Key = city and Value = [Karur West, Karur West]
Both keys are valid and the responses are identical.
BF Api Key = address_state And Value = [null, null] && PD Api Key = state and Value = [Tamil Nadu, Tamil Nadu]
Both keys are valid and the responses are different.
BF Api Key = originator_id And Value = 1 && PD Api Key = hardcode_Value and Value = 1
Both keys are valid and the responses are identical.
BF Api Key = originator_name And Value = Epimoney && PD Api Key = hardcode_Value and Value = Epimoney
Both keys are valid and the responses are identical.
BF Api Key = product And Value = TERM && PD Api Key = hardcode_Value and Value = TERM
Both keys are valid and the responses are identical.
BF Api Key = partner_name And Value = Flipkart && PD Api Key = hardcode_Value and Value = EpiMoney
Both keys are valid and the responses are different.
BF Api Key = repayment_frequency And Value = monthly && PD Api Key = hardcode_Value and Value = monthly
Both keys are valid and the responses are identical.
BF Api Key = employment_type And Value = self_employed && PD Api Key = hardcode_Value and Value = self_employed
Both keys are valid and the responses are identical.
BF Api Key = eligibility_median_bto And Value = 279520.93 && PD Api Key = median_bto and Value = 279520.93
Both keys are valid and the responses are identical.
BF Api Key = eligibility_net_income And Value = 23759.28 && PD Api Key = bto_net_income and Value = 23759.28
Both keys are valid and the responses are identical.
BF Api Key = eligibility_foir And Value = 4751.86 && PD Api Key = foir and Value = 4751.86
Both keys are valid and the responses are identical.
BF Api Key = eligibility_roi And Value = 18 && PD Api Key = bto_roi and Value = 18.00
Both keys are valid and the responses are different.
BF Api Key = eligibility_tenure And Value = 12 && PD Api Key = customer_selected_tenure and Value = 24
Both keys are valid and the responses are different.
BF Api Key = eligibility_abb_foir And Value = 70 && PD Api Key = abb_foir and Value = 70.00
Both keys are valid and the responses are different.
BF Api Key = eligibility_proposed_serviceable_emi And Value = 11883.68 && PD Api Key = bto_serviceable_emi and Value = -5451.58
Both keys are valid and the responses are different.
BF Api Key = eligibility_abb_roi And Value = 18 && PD Api Key = abb_roi and Value = 18.00
Both keys are valid and the responses are different.
BF Api Key = abb_based_eligibility And Value = 238034.99 && PD Api Key = abb_customer_based_eligibility and Value = 238034.99
Both keys are valid and the responses are identical.
BF Api Key = eligibility_pos_multiplier And Value = 1.2 && PD Api Key = pos_multiplier and Value = 1.20
Both keys are valid and the responses are different.
BF Api Key = foir_calculation And Value = 4751.86 && PD Api Key = foir and Value = 4751.86
Both keys are valid and the responses are identical.
BF Api Key = existing_emi_calculation And Value = 24459 && PD Api Key = existing_emi and Value = 24459.00
Both keys are valid and the responses are different.]]>
    </system-out>
  </testcase> <!-- getRequestMethod -->
  <system-out>
    <![CDATA[ DB Connection Successfull
TC_01 : To verify the Bifrost and PD api key values, Getting the Response, validate the both response
 Test Loancode =625ec62b43kb5
BF Api Key = tenure And Value = 24 && PD Api Key = proposedTenure and Value = 24
Both keys are valid and the responses are identical.
BF Api Key = proposed_roi And Value = 1 && PD Api Key = proposedROI and Value = 1
Both keys are valid and the responses are identical.
BF Api Key = proposed_emi And Value = 10334 && PD Api Key = expectedMontlyEMI and Value = 10334
Both keys are valid and the responses are identical.
BF Api Key = originator_loan_code And Value = 625ec62b43kb5 && PD Api Key = loanCode and Value = 625ec62b43kb5
Both keys are valid and the responses are identical.
BF Api Key = colender_loan_code And Value = 1147022 && PD Api Key = loanCode and Value = 625ec62b43kb5
Both keys are valid and the responses are different.
BF Api Key = proposed_amount And Value = 200000 && PD Api Key = proposedAmount and Value = 200000
Both keys are valid and the responses are identical.
BF Api Key = escrow_available And Value = yes && PD Api Key = isEscrow and Value = true
Both keys are valid and the responses are different.
BF Api Key = sanction_conditions And Value = [{"remarks":"CPV of warehouse in Bangalore-189, 190, Aravindham, 2nd Cross, 2nd Main, Ruby Residential Layout, Dandupalya, Hoskote,\nBengaluru (Bangalore) Rural, Karnataka, 562114\nPre-closing charges to be NIL from the starting month.","condition":[{"label":"CPV Required","data":[{"label":"Residential","checked":true,"data":[{"label":"null null null Mori Road Maharashtra 400016","checked":true}]},{"label":"Office","checked":true,"data":[{"label":"45 WEST PRATHASANAM ROAD KARUR null Mori Road Maharashtra 400016","checked":true}]}],"checked":true},{"label":"GST returns for","gstReturnFor":"","checked":false},{"label":"One reference of relative and one reference of buyer/supplier","checked":true},{"label":"Choose Guarantor","checked":true},{"label":"Others","checked":true},{"label":"Choose Co-applicant","checked":false},{"label":"Ownership Proof Required","data":[{"label":"Residential","checked":true},{"label":"Business","checked":false}],"checked":true}]}] && PD Api Key = sanctionConditions and Value = [[remarks:CPV of warehouse in Bangalore-189, 190, Aravindham, 2nd Cross, 2nd Main, Ruby Residential Layout, Dandupalya, Hoskote,
Bengaluru (Bangalore) Rural, Karnataka, 562114
Pre-closing charges to be NIL from the starting month., condition:[[label:CPV Required, data:[[label:Residential, checked:true, data:[[label:null null null Mori Road Maharashtra 400016, checked:true]]], [label:Office, checked:true, data:[[label:45 WEST PRATHASANAM ROAD KARUR null Mori Road Maharashtra 400016, checked:true]]]], checked:true], [label:GST returns for, gstReturnFor:, checked:false], [label:One reference of relative and one reference of buyer/supplier, checked:true], [label:Choose Guarantor, checked:true], [label:Others, checked:true], [label:Choose Co-applicant, checked:false], [label:Ownership Proof Required, data:[[label:Residential, checked:true], [label:Business, checked:false]], checked:true]]]]
Both keys are valid and the responses are different.
BF Api Key = deviation And Value =  && PD Api Key = otherRemarks and Value = 
Both keys are valid and the responses are identical.
BF Api Key = proposed_approval_date And Value = 2022-04-26 && PD Api Key = approvalDate and Value = 25-04-2024
Both keys are valid and the responses are different.
BF Api Key = tentative_disbursal_date And Value = 2022-04-29 && PD Api Key = disbursalDate and Value = 28-04-2024
Both keys are valid and the responses are different.
BF Api Key = proposed_emi_start_date And Value = 2022-06-01 && PD Api Key = EMIStartDate and Value = 01-06-2024
Both keys are valid and the responses are different.
BF Api Key = proposed_interest_start_date And Value = 2022-05-01 && PD Api Key = interestedStartDate and Value = 01-05-2024
Both keys are valid and the responses are different.
BF Api Key = annual_reducing_rate And Value = 21.57 && PD Api Key = reducingRate and Value = 21.57
Both keys are valid and the responses are identical.
BF Api Key = interest_type And Value = flat && PD Api Key = interestType and Value = Flat
Both keys are valid and the responses are identical.
BF Api Key = total_processing_fee And Value = 37500 && PD Api Key = processingFee and Value = 2000
Both keys are valid and the responses are different.
BF Api Key = processing_fee_percentage And Value = 2.5 && PD Api Key = processingPercentage and Value = 1
Both keys are valid and the responses are different.
BF Api Key = stamp_duty_fee And Value = 600 && PD Api Key = stampDutyFee and Value = 600.0
Both keys are valid and the responses are different.
BF Api Key = stamp_duty_percentage And Value = 0.3 && PD Api Key = stampDutyPercentage and Value = 0.3
Both keys are valid and the responses are identical.
BF Api Key = insurance_premium_percentage And Value = 0 && PD Api Key = insuranceApplied and Value = 0
Both keys are valid and the responses are identical.
BF Api Key = documentation_fee And Value = 0 && PD Api Key = docCharge and Value = 0
Both keys are valid and the responses are identical.
BF Api Key = differential_interest And Value = 333.33 && PD Api Key = differentialInterest and Value = 0
Both keys are valid and the responses are different.
BF Api Key = total_charges And Value = 38433.33 && PD Api Key = totalCharges and Value = 8724
Both keys are valid and the responses are different.
BF Api Key = net_disbursement_amount And Value = 161566.67 && PD Api Key = netDisbursalAmount and Value = 191276
Both keys are valid and the responses are different.
BF Api Key = pos_split_amount And Value = 0 && PD Api Key = posSplitAmount and Value = 
Both keys are valid and the responses are different.
BF Api Key = pos_split_percentage And Value = 0 && PD Api Key = posSplitPercentage and Value = 
Both keys are valid and the responses are different.
BF Api Key = business_name And Value = Opusol Technologies Private Limited && PD Api Key = businessName and Value = Opusol Technologies Private Limited
Both keys are valid and the responses are identical.
BF Api Key = employee_count And Value = 5 && PD Api Key = noEmployee and Value = 5
Both keys are valid and the responses are identical.
BF Api Key = business_pan And Value = ACXPS6000O && PD Api Key = businessPan and Value = ACXPS6000O
Both keys are valid and the responses are identical.
BF Api Key = full_address And Value = 45 WEST PRATHASANAM ROAD KARUR null && PD Api Key = businessAddress and Value = 45 WEST PRATHASANAM ROAD KARUR null
Both keys are valid and the responses are identical.
BF Api Key = address_pin_code And Value = 400016 && PD Api Key = pincode and Value = 400016
Both keys are valid and the responses are identical.
BF Api Key = gst_no And Value = 33AACCO9699J1ZJ && PD Api Key = gstin and Value = 33AACCO9699J1ZJ
Both keys are valid and the responses are identical.
BF Api Key = business_type And Value = retailer && PD Api Key = nature_of_business and Value = [Retailer]
Both keys are valid and the responses are different.
BF Api Key = legal_status And Value = private_limited && PD Api Key = legalStatus and Value = Private Limited
Both keys are valid and the responses are different.
BF Api Key = address_state And Value = MAHARASHTRA && PD Api Key = state and Value = Maharashtra
Both keys are valid and the responses are identical.
BF Api Key = address_city And Value = Mori Road && PD Api Key = city and Value = Mori Road
Both keys are valid and the responses are identical.
BF Api Key = premise_vintage And Value = 1 && PD Api Key = business.vintage and Value = 1
Both keys are valid and the responses are identical.
BF Api Key = relationship_with_owner And Value = brother && PD Api Key = premisesRelationshipType and Value = Father
Both keys are valid and the responses are different.
BF Api Key = cin_no And Value =  && PD Api Key = cin and Value = 
Both keys are valid and the responses are identical.
BF Api Key = first_name And Value = vitthal && PD Api Key = name and Value = Vitthal Ram
Both keys are valid and the responses are different.
BF Api Key = email And Value = sk1221@gmail.com && PD Api Key = email and Value = sk1221@gmail.com
Both keys are valid and the responses are identical.
BF Api Key = mobile_no And Value = 6839839483 && PD Api Key = mobileNo and Value = 6666839777
Both keys are valid and the responses are different.
BF Api Key = dob And Value = 12-08-1983 && PD Api Key = dob and Value = 12-08-1983
Both keys are valid and the responses are identical.
BF Api Key = gender And Value = male && PD Api Key = gender and Value = Male
Both keys are valid and the responses are identical.
BF Api Key = pan And Value = PPQQR2134S && PD Api Key = pan and Value = HGBNV1278N
Both keys are valid and the responses are different.
BF Api Key = education_level And Value = graduate && PD Api Key = education and Value = Graduate
Both keys are valid and the responses are identical.
BF Api Key = marital_status And Value = married && PD Api Key = maritalStatus and Value = Married
Both keys are valid and the responses are identical.
BF Api Key = address_pin_code And Value = 400016 && PD Api Key = pincode and Value = 400016
Both keys are valid and the responses are identical.
BF Api Key = address_city And Value = Mori Road && PD Api Key = city and Value = Mori Road
Both keys are valid and the responses are identical.
BF Api Key = address_state And Value = MAHARASHTRA && PD Api Key = state and Value = Maharashtra
Both keys are valid and the responses are identical.
BF Api Key = address_ownership_status And Value = owned && PD Api Key = ownership and Value = Owned
Both keys are valid and the responses are identical.
BF Api Key = cibil_score And Value = 780 && PD Api Key = cibilScore and Value = 780
Both keys are valid and the responses are identical.
BF Api Key = details.code And Value = [629f5955d4ljznq, 629f5955l51n8qz] && PD Api Key = code and Value = [62626bc2gi3cy, 62626c580b883]
Both keys are valid and the responses are different.
BF Api Key = first_name And Value = [Guarantor, Partner] && PD Api Key = name and Value = [Partner One, Guarantor Test]
Both keys are valid and the responses are different.
BF Api Key = email And Value = [, ] && PD Api Key = email and Value = [, ]
Both keys are valid and the responses are identical.
BF Api Key = mobile_no And Value = [6665333444, 6777666353] && PD Api Key = mobileNo and Value = [6777666353, 6665333444]
Both keys are valid and the responses are different.
BF Api Key = dob And Value = [11-04-1992, 16-02-1992] && PD Api Key = dob and Value = [16-02-1992, 11-04-1992]
Both keys are valid and the responses are different.
BF Api Key = gender And Value = [female, male] && PD Api Key = gender and Value = [Male, Female]
Both keys are valid and the responses are different.
BF Api Key = pan And Value = [AVXPS6000S, AWEPV9171O] && PD Api Key = pan and Value = [AWEPV9171O, AVXPS6000S]
Both keys are valid and the responses are different.
BF Api Key = education_level And Value = [null, null] && PD Api Key = education and Value = [, ]
Both keys are valid and the responses are different.
BF Api Key = marital_status And Value = [null, null] && PD Api Key = maritalStatus and Value = [, ]
Both keys are valid and the responses are different.
BF Api Key = cibil_score And Value = [0, 0] && PD Api Key = cibilScore and Value = [, ]
Both keys are valid and the responses are different.
BF Api Key = address_city And Value = [Karur West, Karur West] && PD Api Key = city and Value = [Karur West, Karur West]
Both keys are valid and the responses are identical.
BF Api Key = address_state And Value = [null, null] && PD Api Key = state and Value = [Tamil Nadu, Tamil Nadu]
Both keys are valid and the responses are different.
BF Api Key = originator_id And Value = 1 && PD Api Key = hardcode_Value and Value = 1
Both keys are valid and the responses are identical.
BF Api Key = originator_name And Value = Epimoney && PD Api Key = hardcode_Value and Value = Epimoney
Both keys are valid and the responses are identical.
BF Api Key = product And Value = TERM && PD Api Key = hardcode_Value and Value = TERM
Both keys are valid and the responses are identical.
BF Api Key = partner_name And Value = Flipkart && PD Api Key = hardcode_Value and Value = EpiMoney
Both keys are valid and the responses are different.
BF Api Key = repayment_frequency And Value = monthly && PD Api Key = hardcode_Value and Value = monthly
Both keys are valid and the responses are identical.
BF Api Key = employment_type And Value = self_employed && PD Api Key = hardcode_Value and Value = self_employed
Both keys are valid and the responses are identical.
BF Api Key = eligibility_median_bto And Value = 279520.93 && PD Api Key = median_bto and Value = 279520.93
Both keys are valid and the responses are identical.
BF Api Key = eligibility_net_income And Value = 23759.28 && PD Api Key = bto_net_income and Value = 23759.28
Both keys are valid and the responses are identical.
BF Api Key = eligibility_foir And Value = 4751.86 && PD Api Key = foir and Value = 4751.86
Both keys are valid and the responses are identical.
BF Api Key = eligibility_roi And Value = 18 && PD Api Key = bto_roi and Value = 18.00
Both keys are valid and the responses are different.
BF Api Key = eligibility_tenure And Value = 12 && PD Api Key = customer_selected_tenure and Value = 24
Both keys are valid and the responses are different.
BF Api Key = eligibility_abb_foir And Value = 70 && PD Api Key = abb_foir and Value = 70.00
Both keys are valid and the responses are different.
BF Api Key = eligibility_proposed_serviceable_emi And Value = 11883.68 && PD Api Key = bto_serviceable_emi and Value = -5451.58
Both keys are valid and the responses are different.
BF Api Key = eligibility_abb_roi And Value = 18 && PD Api Key = abb_roi and Value = 18.00
Both keys are valid and the responses are different.
BF Api Key = abb_based_eligibility And Value = 238034.99 && PD Api Key = abb_customer_based_eligibility and Value = 238034.99
Both keys are valid and the responses are identical.
BF Api Key = eligibility_pos_multiplier And Value = 1.2 && PD Api Key = pos_multiplier and Value = 1.20
Both keys are valid and the responses are different.
BF Api Key = foir_calculation And Value = 4751.86 && PD Api Key = foir and Value = 4751.86
Both keys are valid and the responses are identical.
BF Api Key = existing_emi_calculation And Value = 24459 && PD Api Key = existing_emi and Value = 24459.00
Both keys are valid and the responses are different.]]>
  </system-out>
</testsuite> <!-- Bifrost_Automation.Bifrost_Pd_Api -->
