<?xml version="1.0" encoding="UTF-8"?>
<!-- Generated by org.testng.reporters.JUnitReportReporter -->
<testsuite hostname="FLLAP0570-MaheshNarvanes-MacBook-Air.local" failures="0" tests="1" name="Pract.Doc" time="1.812" errors="0" timestamp="2024-05-14T12:06:31 IST" skipped="0">
  <testcase classname="Pract.Doc" name="BS" time="1.812"/>
  <system-out>
    <![CDATA[ DB Connection Successfull]]>
  </system-out>
</testsuite> <!-- Pract.Doc -->
