<?xml version="1.0" encoding="UTF-8"?>
<!-- Generated by org.testng.reporters.JUnitReportReporter -->
<testsuite hostname="FLLAP0570-MaheshNarvanes-MacBook-Air.local" failures="0" tests="7" name="PARTNERS_Flow.Amazon_Flow" time="259.311" errors="0" timestamp="2023-08-24T13:03:00 IST" skipped="0">
  <testcase classname="PARTNERS_Flow.Amazon_Flow" name="Amazon_landing_Page" time="0.461"/>
  <system-out>
    <![CDATA[The Mobile No Is = 7013938239]]>
  </system-out>
  <testcase classname="PARTNERS_Flow.Amazon_Flow" name="Form1" time="26.405"/>
  <system-out/>
  <testcase classname="PARTNERS_Flow.Amazon_Flow" name="Form2" time="137.510"/>
  <system-out>
    <![CDATA[ Gender = Male
 DOB = 30091997
 Residence Pincode = 400001
 PanNo = BTLPN0219B]]>
  </system-out>
  <testcase classname="PARTNERS_Flow.Amazon_Flow" name="Form3" time="15.747"/>
  <system-out>
    <![CDATA[ Residencial Address = NEUTNIoyrj
 Locality = jkMbwEqapS
 Street Name = OSPFSgkZQt
 Business Area = mbtgNZALJJ
 Shop PinCode = 431515]]>
  </system-out>
  <testcase classname="PARTNERS_Flow.Amazon_Flow" name="Bank_Account" time="8.000"/>
  <system-out>
    <![CDATA[ Bank Account No = 62441635074
 Bank IFSC No = SBIN0020030
 Account Type = Current
 Benificary Name = oAbDwqxGFG]]>
  </system-out>
  <testcase classname="PARTNERS_Flow.Amazon_Flow" name="Bank_Statement" time="38.211"/>
  <system-out>
    <![CDATA[ BankStatement Uploaded Successfully !!]]>
  </system-out>
  <testcase classname="PARTNERS_Flow.Amazon_Flow" name="Document_upload" time="32.977"/>
  <system-out>
    <![CDATA[ Documents Uploaded Successfully !!
 Amazon PreSanction Journey Completed,  Thank You!!]]>
  </system-out>
</testsuite> <!-- PARTNERS_Flow.Amazon_Flow -->
