<?xml version="1.0" encoding="UTF-8"?>
<!-- Generated by org.testng.reporters.JUnitReportReporter -->
<testsuite hostname="FLLAP0570-MaheshNarvanes-MacBook-Air.local" failures="0" tests="9" name="PARTNERS_Flow.Retailio" time="356.219" errors="0" timestamp="2023-07-27T23:38:02 IST" skipped="0">
  <testcase classname="PARTNERS_Flow.Retailio" name="Retailio_landingPage" time="0.550"/>
  <system-out>
    <![CDATA[ The Mobile No =7809150503]]>
  </system-out>
  <testcase classname="PARTNERS_Flow.Retailio" name="form1" time="32.754"/>
  <system-out>
    <![CDATA[ Monthly Sale = 406800
 Gst registerd ? = Yes]]>
  </system-out>
  <testcase classname="PARTNERS_Flow.Retailio" name="form2" time="9.336"/>
  <system-out>
    <![CDATA[Custmer's Name = SRI VARSHAN CERAMICS
Custmer's Email ID = ahbPeo@gmail.com]]>
  </system-out>
  <testcase classname="PARTNERS_Flow.Retailio" name="form3" time="24.972"/>
  <system-out>
    <![CDATA[ Business Name is = Nkioc
 Nature Of The Business Is = Wholesaler
 Product Selected By Customer Is = 2 & 3 Wheelers
 Business Vintage Is = 2-5 years
 Pincode Of The Customer Is = 400001]]>
  </system-out>
  <testcase classname="PARTNERS_Flow.Retailio" name="Setu" time="30.700"/>
  <system-out>
    <![CDATA[ Setu page Cancled, To Upload BS Manually]]>
  </system-out>
  <testcase classname="PARTNERS_Flow.Retailio" name="BankStatement" time="40.362"/>
  <system-out>
    <![CDATA[ BankStatement Uploaded Successfullt !!]]>
  </system-out>
  <testcase classname="PARTNERS_Flow.Retailio" name="DocumentUpload" time="177.564"/>
  <system-out>
    <![CDATA[ Document's Uploaded Successfullt !!]]>
  </system-out>
  <testcase classname="PARTNERS_Flow.Retailio" name="form4" time="22.658"/>
  <system-out>
    <![CDATA[Business Registerd as = Proprietorship
 Customer Shop-Number Is = 69670750326
 Customer Shop Area Is = BeNcK]]>
  </system-out>
  <testcase classname="PARTNERS_Flow.Retailio" name="form5" time="17.323"/>
  <system-out>
    <![CDATA[ Gender Of Customer Is = Male
 DOB Of Customer Is = 30091997
Customer's Pincode Is = 400001
 Customer's Flat No Is = 60547956312
 Customer's Area Is = TOsiM
 Customer's Pan No Is = BTLPN0219B
 Retailio Presanction Journey Completed  , Thank You!!]]>
  </system-out>
</testsuite> <!-- PARTNERS_Flow.Retailio -->
