<?xml version="1.0" encoding="UTF-8"?>
<!-- Generated by org.testng.reporters.JUnitReportReporter -->
<testsuite hostname="FLLAP0570-MaheshNarvanes-MacBook-Air.local" failures="0" tests="1" name="Policy.Direct" time="1.733" errors="0" timestamp="2023-07-25T00:03:03 IST" skipped="0">
  <testcase classname="Policy.Direct" name="POS_policy" time="1.733"/>
  <system-out/>
</testsuite> <!-- Policy.Direct -->
