<?xml version="1.0" encoding="UTF-8"?>
<!-- Generated by org.testng.reporters.JUnitReportReporter -->
<testsuite hostname="FLLAP0570-MaheshNarvanes-MacBook-Air.local" failures="0" tests="9" name="PARTNERS_Flow.Myntra" time="331.882" errors="0" timestamp="2023-08-02T17:10:26 IST" skipped="0">
  <testcase classname="PARTNERS_Flow.Myntra" name="Myntra_landingPage" time="0.453"/>
  <system-out>
    <![CDATA[ The Mobile No =7544371556]]>
  </system-out>
  <testcase classname="PARTNERS_Flow.Myntra" name="form1" time="25.153"/>
  <system-out>
    <![CDATA[ Monthly Sale = 481084
 Gst registerd ? = Yes]]>
  </system-out>
  <testcase classname="PARTNERS_Flow.Myntra" name="form2" time="8.154"/>
  <system-out>
    <![CDATA[Custmer's Name = SRI VARSHAN CERAMICS
Custmer's Email ID = aPA8Iw@gmail.com]]>
  </system-out>
  <testcase classname="PARTNERS_Flow.Myntra" name="form3" time="21.684"/>
  <system-out>
    <![CDATA[ Business Name is = wGAbA
 Nature Of The Business Is = Wholesaler
 Product Selected By Customer Is = 2 & 3 Wheelers
 Business Vintage Is = 2-5 years
 Pincode Of The Customer Is = 400001]]>
  </system-out>
  <testcase classname="PARTNERS_Flow.Myntra" name="Setu" time="24.194"/>
  <system-out>
    <![CDATA[ Setu page Cancled, To Upload BS Manually]]>
  </system-out>
  <testcase classname="PARTNERS_Flow.Myntra" name="BankStatement" time="36.823"/>
  <system-out>
    <![CDATA[ BankStatement Uploaded Successfullt !!]]>
  </system-out>
  <testcase classname="PARTNERS_Flow.Myntra" name="DocumentUpload" time="180.909"/>
  <system-out>
    <![CDATA[ Document's Uploaded Successfullt !!]]>
  </system-out>
  <testcase classname="PARTNERS_Flow.Myntra" name="form4" time="19.077"/>
  <system-out>
    <![CDATA[Business Registerd as = Proprietorship
 Customer Shop-Number Is = 60733583701
 Customer Shop Area Is = zuwGW]]>
  </system-out>
  <testcase classname="PARTNERS_Flow.Myntra" name="form5" time="15.435"/>
  <system-out>
    <![CDATA[ Gender Of Customer Is = Male
 DOB Of Customer Is = 30091997
Customer's Pincode Is = 400001
 Customer's Flat No Is = 61858413719
 Customer's Area Is = Vxjlu
 Customer's Pan No Is = BTLPN0219B
 Myntra Presanction Journey Completed  , Thank You!!]]>
  </system-out>
</testsuite> <!-- PARTNERS_Flow.Myntra -->
