<?xml version="1.0" encoding="UTF-8"?>
<!-- Generated by org.testng.reporters.JUnitReportReporter -->
<testsuite hostname="FLLAP0570-MaheshNarvanes-MacBook-Air.local" failures="0" tests="1" name="NLP1_Positive_RU_LessThan_2.positive_RU" time="70.174" errors="0" timestamp="2023-06-02T10:48:42 IST" skipped="0">
  <testcase classname="NLP1_Positive_RU_LessThan_2.positive_RU" name="positive" time="70.174"/>
  <system-out/>
</testsuite> <!-- NLP1_Positive_RU_LessThan_2.positive_RU -->
