<?xml version="1.0" encoding="UTF-8"?>
<!-- Generated by org.testng.reporters.JUnitReportReporter -->
<testsuite hostname="FLLAP0570-MaheshNarvanes-MacBook-Air.local" failures="0" tests="2" name="Task.AP_433" time="127.217" errors="0" timestamp="2023-08-03T13:46:12 IST" skipped="0">
  <testcase classname="Task.AP_433" name="test_1" time="63.474"/>
  <system-out>
    <![CDATA[ DB Connection Successfull
 DB Connection Closed Successfull]]>
  </system-out>
  <testcase classname="Task.AP_433" name="test_2" time="63.743"/>
  <system-out>
    <![CDATA[ DB Connection Successfull
 DB Connection Closed Successfull]]>
  </system-out>
</testsuite> <!-- Task.AP_433 -->
