<?xml version="1.0" encoding="UTF-8"?>
<!-- Generated by org.testng.reporters.JUnitReportReporter -->
<testsuite hostname="FLLAP0570-MaheshNarvanes-MacBook-Air.local" failures="0" tests="6" name="Eligibility.ABFL_DIRECT_Capping_With_Experiment" time="26.205" errors="0" timestamp="2024-02-29T16:18:37 IST" skipped="0">
  <testcase classname="Eligibility.ABFL_DIRECT_Capping_With_Experiment" name="TC_01" time="4.803"/>
  <system-out/>
  <testcase classname="Eligibility.ABFL_DIRECT_Capping_With_Experiment" name="TC_01" time="3.868"/>
  <system-out/>
  <testcase classname="Eligibility.ABFL_DIRECT_Capping_With_Experiment" name="TC_01" time="3.787"/>
  <system-out/>
  <testcase classname="Eligibility.ABFL_DIRECT_Capping_With_Experiment" name="TC_01" time="5.043"/>
  <system-out/>
  <testcase classname="Eligibility.ABFL_DIRECT_Capping_With_Experiment" name="TC_01" time="4.932"/>
  <system-out/>
  <testcase classname="Eligibility.ABFL_DIRECT_Capping_With_Experiment" name="TC_01" time="3.772"/>
  <system-out/>
</testsuite> <!-- Eligibility.ABFL_DIRECT_Capping_With_Experiment -->
