<?xml version="1.0" encoding="UTF-8"?>
<!-- Generated by org.testng.reporters.JUnitReportReporter -->
<testsuite hostname="FLLAP0570-MaheshNarvanes-MacBook-Air.local" failures="0" tests="1" name="LoanCode_Generater.Create_New_Loancode" time="29.603" errors="0" timestamp="2023-07-28T00:14:27 IST" skipped="0">
  <testcase classname="LoanCode_Generater.Create_New_Loancode" name="IP_Qalified" time="29.603"/>
  <system-out/>
</testsuite> <!-- LoanCode_Generater.Create_New_Loancode -->
