<?xml version="1.0" encoding="UTF-8"?>
<!-- Generated by org.testng.reporters.JUnitReportReporter -->
<testsuite hostname="FLLAP0570-MaheshNarvanes-MacBook-Air.local" failures="0" tests="9" name="PARTNERS_Flow.Bajaj_Finserv" time="376.833" errors="0" timestamp="2023-08-02T16:25:52 IST" skipped="0">
  <testcase classname="PARTNERS_Flow.Bajaj_Finserv" name="Bajaj_Finserv_landingPage" time="0.441"/>
  <system-out>
    <![CDATA[ The Mobile No =7457261024]]>
  </system-out>
  <testcase classname="PARTNERS_Flow.Bajaj_Finserv" name="form1" time="27.472"/>
  <system-out>
    <![CDATA[ Monthly Sale = 445191
 Gst registerd ? = Yes]]>
  </system-out>
  <testcase classname="PARTNERS_Flow.Bajaj_Finserv" name="form2" time="8.750"/>
  <system-out>
    <![CDATA[Custmer's Name = SRI VARSHAN CERAMICS
Custmer's Email ID = adH1Xp@gmail.com]]>
  </system-out>
  <testcase classname="PARTNERS_Flow.Bajaj_Finserv" name="form3" time="20.559"/>
  <system-out>
    <![CDATA[ Business Name is = SzlSw
 Nature Of The Business Is = Wholesaler
 Product Selected By Customer Is = 2 & 3 Wheelers
 Business Vintage Is = 2-5 years
 Pincode Of The Customer Is = 400001]]>
  </system-out>
  <testcase classname="PARTNERS_Flow.Bajaj_Finserv" name="Setu" time="31.153"/>
  <system-out>
    <![CDATA[ Setu page Cancled, To Upload BS Manually]]>
  </system-out>
  <testcase classname="PARTNERS_Flow.Bajaj_Finserv" name="BankStatement" time="28.864"/>
  <system-out>
    <![CDATA[ BankStatement Uploaded Successfullt !!]]>
  </system-out>
  <testcase classname="PARTNERS_Flow.Bajaj_Finserv" name="DocumentUpload" time="237.319"/>
  <system-out>
    <![CDATA[ Document's Uploaded Successfullt !!]]>
  </system-out>
  <testcase classname="PARTNERS_Flow.Bajaj_Finserv" name="form4" time="10.395"/>
  <system-out>
    <![CDATA[Business Registerd as = Proprietorship
 Customer Shop-Number Is = 65181227636
 Customer Shop Area Is = sALig]]>
  </system-out>
  <testcase classname="PARTNERS_Flow.Bajaj_Finserv" name="form5" time="11.880"/>
  <system-out>
    <![CDATA[ Gender Of Customer Is = Male
 DOB Of Customer Is = 30091997
Customer's Pincode Is = 400001
 Customer's Flat No Is = 68962781510
 Customer's Area Is = ooXTn
 Customer's Pan No Is = BTLPN0219B
 Bajaj_Finserv Presanction Journey Completed  , Thank You!!]]>
  </system-out>
</testsuite> <!-- PARTNERS_Flow.Bajaj_Finserv -->
