<?xml version="1.0" encoding="UTF-8"?>
<!-- Generated by org.testng.reporters.JUnitReportReporter -->
<testsuite hostname="FLLAP0570-MaheshNarvanes-MacBook-Air.local" failures="0" tests="4" name="Nykaa.Nykaa_Flow" time="7.674" errors="0" timestamp="2023-07-26T18:35:40 IST" skipped="0">
  <testcase classname="Nykaa.Nykaa_Flow" name="policy_check" time="0.531"/>
  <system-out/>
  <testcase classname="Nykaa.Nykaa_Flow" name="lead_creation" time="2.606"/>
  <system-out/>
  <testcase classname="Nykaa.Nykaa_Flow" name="GET_CIBIL" time="0.931"/>
  <system-out/>
  <testcase classname="Nykaa.Nykaa_Flow" name="Access_Token" time="3.606"/>
  <system-out/>
</testsuite> <!-- Nykaa.Nykaa_Flow -->
