<?xml version="1.0" encoding="UTF-8"?>
<!-- Generated by org.testng.reporters.JUnitReportReporter -->
<testsuite hostname="FLLAP0570-MaheshNarvanes-MacBook-Air.local" failures="0" tests="9" name="PARTNERS_Flow.Pine_Labs" time="297.640" errors="0" timestamp="2023-09-10T20:11:44 IST" skipped="0">
  <testcase classname="PARTNERS_Flow.Pine_Labs" name="Pine_Labs_landingPage" time="0.516"/>
  <system-out>
    <![CDATA[ The Mobile No =7884670959]]>
  </system-out>
  <testcase classname="PARTNERS_Flow.Pine_Labs" name="form1" time="53.014"/>
  <system-out>
    <![CDATA[ Monthly Sale = 456082
 Gst registerd ? = Yes]]>
  </system-out>
  <testcase classname="PARTNERS_Flow.Pine_Labs" name="form2" time="7.400"/>
  <system-out>
    <![CDATA[Custmer's Full_Name = MOTO ZONE]]>
  </system-out>
  <testcase classname="PARTNERS_Flow.Pine_Labs" name="form3" time="16.241"/>
  <system-out>
    <![CDATA[ Nature Of The Business Is = Wholesaler
 Product Selected By Customer Is = 2 & 3 Wheelers
 Business Vintage Is = 2-5 years
 Pincode Of The Customer Is = 400001
 Account Type = Yes]]>
  </system-out>
  <testcase classname="PARTNERS_Flow.Pine_Labs" name="Setu" time="28.851"/>
  <system-out>
    <![CDATA[ Setu page Cancled, To Upload BS Manually]]>
  </system-out>
  <testcase classname="PARTNERS_Flow.Pine_Labs" name="BankStatement" time="33.180"/>
  <system-out>
    <![CDATA[ BankStatement Uploaded Successfullt !!]]>
  </system-out>
  <testcase classname="PARTNERS_Flow.Pine_Labs" name="DocumentUpload" time="136.519"/>
  <system-out>
    <![CDATA[ Document's Uploaded Successfullt !!]]>
  </system-out>
  <testcase classname="PARTNERS_Flow.Pine_Labs" name="form4" time="15.002"/>
  <system-out>
    <![CDATA[ Business Name is = FyxYz
Business Registerd as = Proprietorship
 Customer Shop-Number Is = 67361419941
 Customer Shop Area Is = ysIrl]]>
  </system-out>
  <testcase classname="PARTNERS_Flow.Pine_Labs" name="form5" time="6.917"/>
  <system-out>
    <![CDATA[Custmer's Email ID = agzpmm@gmail.com
Customer's Pincode Is = 400001
 Customer's Flat No Is = 61477274147
 Customer's Area Is = pLsNG
 Pine_Labs Presanction Journey Completed  , Thank You!!]]>
  </system-out>
</testsuite> <!-- PARTNERS_Flow.Pine_Labs -->
