<?xml version="1.0" encoding="UTF-8"?>
<!-- Generated by org.testng.reporters.JUnitReportReporter -->
<testsuite hostname="FLLAP0570-MaheshNarvanes-MacBook-Air.local" failures="0" tests="1" name="Policy.Policies" time="4.200" errors="0" timestamp="2024-05-14T12:04:07 IST" skipped="0">
  <testcase classname="Policy.Policies" name="Add_PD" time="4.200"/>
  <system-out/>
</testsuite> <!-- Policy.Policies -->
