<?xml version="1.0" encoding="UTF-8"?>
<!-- Generated by org.testng.reporters.JUnitReportReporter -->
<testsuite hostname="FLLAP0570-MaheshNarvanes-MacBook-Air.local" failures="0" tests="11" name="NLP.NLP1_LessThan2Lakh_flow" time="362.767" errors="0" timestamp="2023-08-24T12:48:50 IST" skipped="0">
  <testcase classname="NLP.NLP1_LessThan2Lakh_flow" name="landing_Page_NLP1_MTO_LT_2" time="0.812"/>
  <system-out>
    <![CDATA[ Name Of Customer =F S ENTERPRISES
The Number is =7111385929
Gst Selected by Customer is = 
The Average Monthly Sale is = ]]>
  </system-out>
  <testcase classname="NLP.NLP1_LessThan2Lakh_flow" name="Otp" time="29.747"/>
  <system-out>
    <![CDATA[ OTP For Customer's No.Is  = 6665]]>
  </system-out>
  <testcase classname="NLP.NLP1_LessThan2Lakh_flow" name="form2" time="9.590"/>
  <system-out>
    <![CDATA[ LoanAmount Needed Is  = 50000
 Customer Is  = A Business man
 Customer's Email Id Is  = amcL1D@gmail.com
 Customer's DateOfIncorporation Is  = 30091997]]>
  </system-out>
  <testcase classname="NLP.NLP1_LessThan2Lakh_flow" name="form3" time="140.723"/>
  <system-out>
    <![CDATA[ Customer's Gender Is  = Male
 Customer's DOB Is  = 30091997
 Customer's PinCode Is  = 400001
 Customer's Having Current ACC  = Yes
 Customer's PanNo Is  = BTLPN0219B]]>
  </system-out>
  <testcase classname="NLP.NLP1_LessThan2Lakh_flow" name="Document" time="65.642"/>
  <system-out>
    <![CDATA[ Document's Added Successfuly !!]]>
  </system-out>
  <testcase classname="NLP.NLP1_LessThan2Lakh_flow" name="form4" time="9.251"/>
  <system-out>
    <![CDATA[ Customer's Business PinCode Is  = 411052
 Does Customer's Residence Is Rented  = No
 Does Customer's Business Is Rented  = No]]>
  </system-out>
  <testcase classname="NLP.NLP1_LessThan2Lakh_flow" name="setu" time="26.725"/>
  <system-out>
    <![CDATA[ Setu Page Cancled, To Upload BS Manually !!]]>
  </system-out>
  <testcase classname="NLP.NLP1_LessThan2Lakh_flow" name="form_3" time="34.091"/>
  <system-out>
    <![CDATA[ Nature Of Business = Manufacturer
 Product You Sell = Agricultural Equipments
 Business Vintage = Manufacturer
 Shop Pincode = 431515
 Account Type = Yes]]>
  </system-out>
  <testcase classname="NLP.NLP1_LessThan2Lakh_flow" name="BankStatement" time="15.464"/>
  <system-out>
    <![CDATA[ BankStatement Uploaded Successfullt !!]]>
  </system-out>
  <testcase classname="NLP.NLP1_LessThan2Lakh_flow" name="form_4" time="24.624"/>
  <system-out>
    <![CDATA[ Business Name = yoxAK
 Business Registerd As ? = Proprietorship
 Business Shop No = 69685711043
 Business Area = WQHKV]]>
  </system-out>
  <testcase classname="NLP.NLP1_LessThan2Lakh_flow" name="form5" time="6.098"/>
  <system-out>
    <![CDATA[Customer's Pincode Is = 400001
 Customer's Flat No Is = 66328221387
 Customer's Area Is = pJOOY
The loancode is = 64e702f378rzd
 NLP-1 < 2lakh MTO Presanction Journey Completed  , Thank You!!]]>
  </system-out>
</testsuite> <!-- NLP.NLP1_LessThan2Lakh_flow -->
