<?xml version="1.0" encoding="UTF-8"?>
<!-- Generated by org.testng.reporters.JUnitReportReporter -->
<testsuite hostname="FLLAP0570-MaheshNarvanes-MacBook-Air.local" failures="0" tests="12" name="OFFERS_FLOW.Offer_LessThan_2" time="398.825" errors="0" timestamp="2023-08-14T13:50:40 IST" skipped="0">
  <testcase classname="OFFERS_FLOW.Offer_LessThan_2" name="landing_Offer_L2" time="2.441"/>
  <system-out>
    <![CDATA[ The Mobile No = 6975796846]]>
  </system-out>
  <testcase classname="OFFERS_FLOW.Offer_LessThan_2" name="form1" time="16.841"/>
  <system-out/>
  <testcase classname="OFFERS_FLOW.Offer_LessThan_2" name="Otp" time="9.092"/>
  <system-out>
    <![CDATA[ OTP = 7799]]>
  </system-out>
  <testcase classname="OFFERS_FLOW.Offer_LessThan_2" name="form2" time="141.610"/>
  <system-out>
    <![CDATA[ Loan Amount = 50000
 Customer's Occupation = A Business man
 Customer's Name= F S ENTERPRISES
 Customer's Email Id= aMBXM6@gmail.com
 Customer's Date Of Incorporation= 30091997
 Customer's Business Form= Proprietorship]]>
  </system-out>
  <testcase classname="OFFERS_FLOW.Offer_LessThan_2" name="form3" time="14.699"/>
  <system-out>
    <![CDATA[ Customer's Gender= Male
 Customer's DOB= 30091997
 Customer's PinCode= 400001
 Customer's Account type= Yes
 Customer's PanNo= BTLPN0219B]]>
  </system-out>
  <testcase classname="OFFERS_FLOW.Offer_LessThan_2" name="Document" time="75.166"/>
  <system-out>
    <![CDATA[ Document's Uploaded Succesfully !!]]>
  </system-out>
  <testcase classname="OFFERS_FLOW.Offer_LessThan_2" name="form4" time="14.603"/>
  <system-out>
    <![CDATA[ Customer's PinCode= 400001
 Residence Rented ? = No
 Bussiness Rented ? = No]]>
  </system-out>
  <testcase classname="OFFERS_FLOW.Offer_LessThan_2" name="setu" time="27.219"/>
  <system-out>
    <![CDATA[ Setu page Cancled, To Upload BS Manually]]>
  </system-out>
  <testcase classname="OFFERS_FLOW.Offer_LessThan_2" name="form_3" time="39.522"/>
  <system-out>
    <![CDATA[ Nature Of Business = Manufacturer
 Product You Sell = Agricultural Equipments
 Business Vintage = Manufacturer
 Shop Pincode = 431515
 Account Type = Yes]]>
  </system-out>
  <testcase classname="OFFERS_FLOW.Offer_LessThan_2" name="bank_statement" time="18.546"/>
  <system-out>
    <![CDATA[ BankStatement Uploaded Succesfully !!]]>
  </system-out>
  <testcase classname="OFFERS_FLOW.Offer_LessThan_2" name="form_4" time="28.055"/>
  <system-out>
    <![CDATA[ Business Name Is = ykqDy
 Business Registerd As =Proprietorship
 Shop No =62447578717
 Area =62447578717]]>
  </system-out>
  <testcase classname="OFFERS_FLOW.Offer_LessThan_2" name="form5" time="11.031"/>
  <system-out>
    <![CDATA[ Customer's EmailId= ar2st6@gmail.com
 Customer's PinCode= 411052
 Customer's StreetName = VPVfL
 Customer's Shop Area= YFFDm]]>
  </system-out>
</testsuite> <!-- OFFERS_FLOW.Offer_LessThan_2 -->
