<?xml version="1.0" encoding="UTF-8"?>
<!-- Generated by org.testng.reporters.JUnitReportReporter -->
<testsuite hostname="FLLAP0570-MaheshNarvanes-MacBook-Air.local" failures="0" tests="1" name="Pract.bre" time="3.981" errors="0" timestamp="2023-10-19T11:18:19 IST" skipped="0">
  <testcase classname="Pract.bre" name="main" time="3.981"/>
  <system-out>
    <![CDATA[ DB Connection Successfull
 DB Connection Closed Successfull]]>
  </system-out>
</testsuite> <!-- Pract.bre -->
