<?xml version="1.0" encoding="UTF-8"?>
<!-- Generated by org.testng.reporters.JUnitReportReporter -->
<testsuite hostname="FLLAP0570-MaheshNarvanes-MacBook-Air.local" failures="0" tests="1" name="Task.AP_470" time="117.316" errors="0" timestamp="2023-08-25T18:00:24 IST" skipped="0">
  <testcase classname="Task.AP_470" name="TC_01" time="117.316"/>
  <system-out>
    <![CDATA[ DB Connection Successfull
 DB Connection Closed Successfull]]>
  </system-out>
</testsuite> <!-- Task.AP_470 -->
