<?xml version="1.0" encoding="UTF-8"?>
<!-- Generated by org.testng.reporters.JUnitReportReporter -->
<testsuite hostname="FLLAP0570-MaheshNarvanes-MacBook-Air.local" failures="0" tests="7" name="Flipkart_flow.Flipkart_Flow_ManualUpload" time="322.845" errors="0" timestamp="2023-07-22T12:51:30 IST" skipped="0">
  <testcase classname="Flipkart_flow.Flipkart_Flow_ManualUpload" name="landingPage_Flipkart" time="2.823"/>
  <system-out>
    <![CDATA[ The Mobile No = 7496415307]]>
  </system-out>
  <testcase classname="Flipkart_flow.Flipkart_Flow_ManualUpload" name="Form_One" time="35.418"/>
  <system-out>
    <![CDATA[ Name Of Customer = ISHAAN COMMUNICATION
 Email Of Customer = aRVI55@gmail.com
 Loan Requirment = More than 10 lakhs
 Buiness Name = wnlok
 Residence Rented ? = No
 Business Rented ? = No
 Business Registerd As = Proprietorship]]>
  </system-out>
  <testcase classname="Flipkart_flow.Flipkart_Flow_ManualUpload" name="Form_two" time="129.236"/>
  <system-out>
    <![CDATA[ The LoanCode  = 64bb823cw4jly
 Gender = Male
 DOB = 30091997
 Residence Pincode = 400001
 PanNo = BTLPN0219B]]>
  </system-out>
  <testcase classname="Flipkart_flow.Flipkart_Flow_ManualUpload" name="Form_three" time="34.807"/>
  <system-out>
    <![CDATA[ Residencial  Address = RaplzDoGiu
 Locality = djMLqpcrqJ
 Street Name = cThETTQBME
 Business Area = kXtdmyDTyw
 Shop PinCode= 400001]]>
  </system-out>
  <testcase classname="Flipkart_flow.Flipkart_Flow_ManualUpload" name="Bank_Account" time="11.259"/>
  <system-out>
    <![CDATA[ Account No= 62441635074
 IFSC No= SBIN0020030
 Account Type= Current
 Benificary Name= PljAHimscw]]>
  </system-out>
  <testcase classname="Flipkart_flow.Flipkart_Flow_ManualUpload" name="Bank_statement" time="18.115"/>
  <system-out>
    <![CDATA[ BankStatement Uploaded Successfully ]]>
  </system-out>
  <testcase classname="Flipkart_flow.Flipkart_Flow_ManualUpload" name="Document_upload" time="91.187"/>
  <system-out>
    <![CDATA[ Document's Uploaded Successfully 
 Flipkart PreSanction Journey Completed,  Thank You!!]]>
  </system-out>
</testsuite> <!-- Flipkart_flow.Flipkart_Flow_ManualUpload -->
