<?xml version="1.0" encoding="UTF-8"?>
<!-- Generated by org.testng.reporters.JUnitReportReporter -->
<testsuite hostname="FLLAP0570-MaheshNarvanes-MacBook-Air.local" failures="0" tests="1" name="Task.bre_try_run" time="2.643" errors="0" timestamp="2023-10-27T15:13:22 IST" skipped="0">
  <testcase classname="Task.bre_try_run" name="demo" time="2.643"/>
  <system-out>
    <![CDATA[ DB Connection Successfull
 DB Connection Closed Successfull]]>
  </system-out>
</testsuite> <!-- Task.bre_try_run -->
