<?xml version="1.0" encoding="UTF-8"?>
<!-- Generated by org.testng.reporters.JUnitReportReporter -->
<testsuite hostname="FLLAP0570-MaheshNarvanes-MacBook-Air.local" failures="0" tests="1" name="BRE.BRE_Rules" time="0.870" errors="0" timestamp="2023-10-31T18:10:02 IST" skipped="0">
  <testcase classname="BRE.BRE_Rules" name="POS_Risk_Grade_E" time="0.870"/>
  <system-out/>
</testsuite> <!-- BRE.BRE_Rules -->
