<?xml version="1.0" encoding="UTF-8"?>
<!-- Generated by org.testng.reporters.JUnitReportReporter -->
<testsuite hostname="FLLAP0570-MaheshNarvanes-MacBook-Air.local" failures="0" tests="10" name="NLP.NLP6_GreaterThan2Lakh" time="402.886" errors="0" timestamp="2023-08-07T15:37:26 IST" skipped="0">
  <testcase classname="NLP.NLP6_GreaterThan2Lakh" name="landing_Page_NLP6_MTO_G2" time="0.898"/>
  <system-out>
    <![CDATA[Customer's Mobile No Is = 7086274849
Customer's Average Monthly Sale Is =                                     
                                    less than 2 lakhs
                                    2-4 lakhs
                                    4-10 lakhs
                                    more than 10 lakhs
                                
 Gst Registerd ? = Yes]]>
  </system-out>
  <testcase classname="NLP.NLP6_GreaterThan2Lakh" name="form2" time="28.794"/>
  <system-out>
    <![CDATA[Customer's Full Name Is = F S ENTERPRISES]]>
  </system-out>
  <testcase classname="NLP.NLP6_GreaterThan2Lakh" name="form3" time="21.854"/>
  <system-out>
    <![CDATA[ Nature Business Is = Retailer
 Customer Sell's Product  = Abrasives & Grinding
 How Old Business  = 2-5 years
 Shop Pincode = 400001
 Current Account ?= Yes]]>
  </system-out>
  <testcase classname="NLP.NLP6_GreaterThan2Lakh" name="form_2" time="12.023"/>
  <system-out>
    <![CDATA[ Pan Card No = BTLPN0219B]]>
  </system-out>
  <testcase classname="NLP.NLP6_GreaterThan2Lakh" name="Form_3" time="46.646"/>
  <system-out>
    <![CDATA[ Gender = Male
 DOB = 30091997
 Pin Code = 431515]]>
  </system-out>
  <testcase classname="NLP.NLP6_GreaterThan2Lakh" name="SetuPage" time="25.445"/>
  <system-out>
    <![CDATA[ Setu Page Calcled , To Upload BS !!]]>
  </system-out>
  <testcase classname="NLP.NLP6_GreaterThan2Lakh" name="Statement" time="32.280"/>
  <system-out>
    <![CDATA[ BankStatement Uploaded Succesfully !!]]>
  </system-out>
  <testcase classname="NLP.NLP6_GreaterThan2Lakh" name="document" time="200.703"/>
  <system-out>
    <![CDATA[ Document's Uploaded Succesfully !!]]>
  </system-out>
  <testcase classname="NLP.NLP6_GreaterThan2Lakh" name="form4" time="17.267"/>
  <system-out>
    <![CDATA[ Business Name Is = bKeJH
Business Registerd as = Proprietorship
 Customer Shop-Number Is = 65303050924
 Customer Shop Area Is = DPjEZ]]>
  </system-out>
  <testcase classname="NLP.NLP6_GreaterThan2Lakh" name="form5" time="16.976"/>
  <system-out>
    <![CDATA[ Customer's Gender = Male
 Customer's DOB = 30091997
 Customer's PinCode = 400001
 Customer's FlatName = MZgou
 Customer's Area = ZWhKf
 Customer's PanNo = BTLPN0219B
Customer's Email Id Is = a9tYsE@gmail.com
 LoanCode =5c70bb568vk9d
 NLP-6 MTO > 2Lakh PreSanction Journey Completed,  Thank You!!]]>
  </system-out>
</testsuite> <!-- NLP.NLP6_GreaterThan2Lakh -->
