<?xml version="1.0" encoding="UTF-8"?>
<!-- Generated by org.testng.reporters.JUnitReportReporter -->
<testsuite hostname="FLLAP0570-MaheshNarvanes-MacBook-Air.local" failures="0" tests="1" name="GenericUtilities.lwhd" time="8.047" errors="0" timestamp="2023-03-24T17:39:41 IST" skipped="0">
  <testcase classname="GenericUtilities.lwhd" name="demo" time="8.047"/>
  <system-out/>
</testsuite> <!-- GenericUtilities.lwhd -->
