<?xml version="1.0" encoding="UTF-8"?>
<!-- Generated by org.testng.reporters.JUnitReportReporter -->
<testsuite hostname="FLLAP0570-MaheshNarvanes-MacBook-Air.local" failures="0" tests="11" name="AA_Flow.AA_Flow" time="5.284" errors="1" timestamp="2023-04-13T15:45:32 IST" skipped="10">
  <testcase classname="AA_Flow.AA_Flow" name="DBConfig" time="5.284">
    <error message="Communications link failure

The last packet sent successfully to the server was 0 milliseconds ago. The driver has not received any packets from the server." type="com.mysql.cj.jdbc.exceptions.CommunicationsException">
      <![CDATA[com.mysql.cj.jdbc.exceptions.CommunicationsException: Communications link failure

The last packet sent successfully to the server was 0 milliseconds ago. The driver has not received any packets from the server.
at com.mysql.cj.jdbc.exceptions.SQLError.createCommunicationsException(SQLError.java:174)
at com.mysql.cj.jdbc.exceptions.SQLExceptionsMapping.translateException(SQLExceptionsMapping.java:64)
at com.mysql.cj.jdbc.ConnectionImpl.createNewIO(ConnectionImpl.java:835)
at com.mysql.cj.jdbc.ConnectionImpl.<init>(ConnectionImpl.java:455)
at com.mysql.cj.jdbc.ConnectionImpl.getInstance(ConnectionImpl.java:240)
at com.mysql.cj.jdbc.NonRegisteringDriver.connect(NonRegisteringDriver.java:199)
at java.sql/java.sql.DriverManager.getConnection(DriverManager.java:681)
at java.sql/java.sql.DriverManager.getConnection(DriverManager.java:229)
at GenericUtilities.DataBaseUtility.connectToDB(DataBaseUtility.java:36)
at GenericUtilities.BaseClass.DBConfig(BaseClass.java:35)
at java.base/jdk.internal.reflect.NativeMethodAccessorImpl.invoke0(Native Method)
at java.base/jdk.internal.reflect.NativeMethodAccessorImpl.invoke(NativeMethodAccessorImpl.java:77)
at java.base/jdk.internal.reflect.DelegatingMethodAccessorImpl.invoke(DelegatingMethodAccessorImpl.java:43)
at java.base/java.lang.reflect.Method.invoke(Method.java:568)
at org.testng.internal.MethodInvocationHelper.invokeMethod(MethodInvocationHelper.java:133)
at org.testng.internal.MethodInvocationHelper.invokeMethodConsideringTimeout(MethodInvocationHelper.java:62)
at org.testng.internal.ConfigInvoker.invokeConfigurationMethod(ConfigInvoker.java:385)
at org.testng.internal.ConfigInvoker.invokeConfigurations(ConfigInvoker.java:321)
at org.testng.SuiteRunner.privateRun(SuiteRunner.java:317)
at org.testng.SuiteRunner.run(SuiteRunner.java:276)
at org.testng.SuiteRunnerWorker.runSuite(SuiteRunnerWorker.java:53)
at org.testng.SuiteRunnerWorker.run(SuiteRunnerWorker.java:96)
at org.testng.TestNG.runSuitesSequentially(TestNG.java:1212)
at org.testng.TestNG.runSuitesLocally(TestNG.java:1134)
at org.testng.TestNG.runSuites(TestNG.java:1063)
at org.testng.TestNG.run(TestNG.java:1031)
at org.testng.remote.AbstractRemoteTestNG.run(AbstractRemoteTestNG.java:115)
at org.testng.remote.RemoteTestNG.initAndRun(RemoteTestNG.java:251)
at org.testng.remote.RemoteTestNG.main(RemoteTestNG.java:77)
Caused by: com.mysql.cj.exceptions.CJCommunicationsException: Communications link failure

The last packet sent successfully to the server was 0 milliseconds ago. The driver has not received any packets from the server.
at java.base/jdk.internal.reflect.NativeConstructorAccessorImpl.newInstance0(Native Method)
at java.base/jdk.internal.reflect.NativeConstructorAccessorImpl.newInstance(NativeConstructorAccessorImpl.java:77)
at java.base/jdk.internal.reflect.DelegatingConstructorAccessorImpl.newInstance(DelegatingConstructorAccessorImpl.java:45)
at java.base/java.lang.reflect.Constructor.newInstanceWithCaller(Constructor.java:499)
at java.base/java.lang.reflect.Constructor.newInstance(Constructor.java:480)
at com.mysql.cj.exceptions.ExceptionFactory.createException(ExceptionFactory.java:61)
at com.mysql.cj.exceptions.ExceptionFactory.createException(ExceptionFactory.java:105)
at com.mysql.cj.exceptions.ExceptionFactory.createException(ExceptionFactory.java:151)
at com.mysql.cj.exceptions.ExceptionFactory.createCommunicationsException(ExceptionFactory.java:167)
at com.mysql.cj.protocol.a.NativeProtocol.negotiateSSLConnection(NativeProtocol.java:361)
at com.mysql.cj.protocol.a.NativeAuthenticationProvider.negotiateSSLConnection(NativeAuthenticationProvider.java:777)
at com.mysql.cj.protocol.a.NativeAuthenticationProvider.proceedHandshakeWithPluggableAuthentication(NativeAuthenticationProvider.java:486)
at com.mysql.cj.protocol.a.NativeAuthenticationProvider.connect(NativeAuthenticationProvider.java:202)
at com.mysql.cj.protocol.a.NativeProtocol.connect(NativeProtocol.java:1452)
at com.mysql.cj.NativeSession.connect(NativeSession.java:165)
at com.mysql.cj.jdbc.ConnectionImpl.connectOneTryOnly(ConnectionImpl.java:955)
at com.mysql.cj.jdbc.ConnectionImpl.createNewIO(ConnectionImpl.java:825)
... 26 more
Caused by: javax.net.ssl.SSLHandshakeException: No appropriate protocol (protocol is disabled or cipher suites are inappropriate)
at java.base/sun.security.ssl.HandshakeContext.<init>(HandshakeContext.java:172)
at java.base/sun.security.ssl.ClientHandshakeContext.<init>(ClientHandshakeContext.java:103)
at java.base/sun.security.ssl.TransportContext.kickstart(TransportContext.java:240)
at java.base/sun.security.ssl.SSLSocketImpl.startHandshake(SSLSocketImpl.java:448)
at java.base/sun.security.ssl.SSLSocketImpl.startHandshake(SSLSocketImpl.java:426)
at com.mysql.cj.protocol.ExportControlled.performTlsHandshake(ExportControlled.java:316)
at com.mysql.cj.protocol.StandardSocketFactory.performTlsHandshake(StandardSocketFactory.java:188)
at com.mysql.cj.protocol.a.NativeSocketConnection.performTlsHandshake(NativeSocketConnection.java:99)
at com.mysql.cj.protocol.a.NativeProtocol.negotiateSSLConnection(NativeProtocol.java:352)
... 33 more
]]>
    </error>
  </testcase> <!-- DBConfig -->
  <system-out/>
  <testcase classname="AA_Flow.AA_Flow" name="OfferlandingPage" time="0.000">
    <skipped/>
  </testcase> <!-- OfferlandingPage -->
  <system-out/>
  <testcase classname="AA_Flow.AA_Flow" name="FormOne" time="0.000">
    <skipped/>
  </testcase> <!-- FormOne -->
  <system-out/>
  <testcase classname="AA_Flow.AA_Flow" name="FormTwo_GreaterThan_2Lak" time="0.000">
    <skipped/>
  </testcase> <!-- FormTwo_GreaterThan_2Lak -->
  <system-out/>
  <testcase classname="AA_Flow.AA_Flow" name="AABank_Page" time="0.000">
    <skipped/>
  </testcase> <!-- AABank_Page -->
  <system-out/>
  <testcase classname="AA_Flow.AA_Flow" name="bank_statement" time="0.000">
    <skipped/>
  </testcase> <!-- bank_statement -->
  <system-out/>
  <testcase classname="AA_Flow.AA_Flow" name="FormTwo" time="0.000">
    <skipped/>
  </testcase> <!-- FormTwo -->
  <system-out/>
  <testcase classname="AA_Flow.AA_Flow" name="FormThree" time="0.000">
    <skipped/>
  </testcase> <!-- FormThree -->
  <system-out/>
  <testcase classname="AA_Flow.AA_Flow" name="FormFour" time="0.000">
    <skipped/>
  </testcase> <!-- FormFour -->
  <system-out/>
  <testcase classname="AA_Flow.AA_Flow" name="FormFive" time="0.000">
    <skipped/>
  </testcase> <!-- FormFive -->
  <system-out/>
  <testcase classname="AA_Flow.AA_Flow" name="Upload_Document" time="0.000">
    <skipped/>
  </testcase> <!-- Upload_Document -->
  <system-out/>
</testsuite> <!-- AA_Flow.AA_Flow -->
