<?xml version="1.0" encoding="UTF-8"?>
<!-- Generated by org.testng.reporters.JUnitReportReporter -->
<testsuite hostname="FLLAP0570-MaheshNarvanes-MacBook-Air.local" failures="0" tests="1" name="Eligibility_Automation.Eligibility_POS" time="6.850" errors="0" timestamp="2024-04-22T13:23:46 IST" skipped="0">
  <testcase classname="Eligibility_Automation.Eligibility_POS" name="TC_02" time="6.850"/>
  <system-out/>
</testsuite> <!-- Eligibility_Automation.Eligibility_POS -->
