<?xml version="1.0" encoding="UTF-8"?>
<!-- Generated by org.testng.reporters.JUnitReportReporter -->
<testsuite hostname="FLLAP0570-MaheshNarvanes-MacBook-Air.local" failures="0" tests="9" name="PARTNERS_Flow.ClearTax" time="311.915" errors="0" timestamp="2023-08-03T19:48:35 IST" skipped="0">
  <testcase classname="PARTNERS_Flow.ClearTax" name="ClearTax_landingPage" time="1.368"/>
  <system-out>
    <![CDATA[ The Mobile No =7926995786]]>
  </system-out>
  <testcase classname="PARTNERS_Flow.ClearTax" name="form1" time="30.554"/>
  <system-out>
    <![CDATA[ Monthly Sale = 483252
 Gst registerd ? = Yes]]>
  </system-out>
  <testcase classname="PARTNERS_Flow.ClearTax" name="form2" time="9.839"/>
  <system-out>
    <![CDATA[Custmer's Name = SRI VARSHAN CERAMICS
Custmer's Email ID = apaewB@gmail.com]]>
  </system-out>
  <testcase classname="PARTNERS_Flow.ClearTax" name="form3" time="17.845"/>
  <system-out>
    <![CDATA[ Business Name is = hosfJ
 Nature Of The Business Is = Wholesaler
 Product Selected By Customer Is = 2 & 3 Wheelers
 Business Vintage Is = 2-5 years
 Pincode Of The Customer Is = 400001]]>
  </system-out>
  <testcase classname="PARTNERS_Flow.ClearTax" name="Setu" time="23.566"/>
  <system-out>
    <![CDATA[ Setu page Cancled, To Upload BS Manually]]>
  </system-out>
  <testcase classname="PARTNERS_Flow.ClearTax" name="BankStatement" time="32.537"/>
  <system-out>
    <![CDATA[ BankStatement Uploaded Successfullt !!]]>
  </system-out>
  <testcase classname="PARTNERS_Flow.ClearTax" name="DocumentUpload" time="173.995"/>
  <system-out>
    <![CDATA[ Document's Uploaded Successfullt !!]]>
  </system-out>
  <testcase classname="PARTNERS_Flow.ClearTax" name="form4" time="11.506"/>
  <system-out>
    <![CDATA[Business Registerd as = Proprietorship
 Customer Shop-Number Is = 61900398289
 Customer Shop Area Is = RuHza]]>
  </system-out>
  <testcase classname="PARTNERS_Flow.ClearTax" name="form5" time="10.705"/>
  <system-out>
    <![CDATA[ Gender Of Customer Is = Male
 DOB Of Customer Is = 30091997
Customer's Pincode Is = 400001
 Customer's Flat No Is = 69098238069
 Customer's Area Is = cbBJG
 Customer's Pan No Is = BTLPN0219B
 ClearTax Presanction Journey Completed  , Thank You!!]]>
  </system-out>
</testsuite> <!-- PARTNERS_Flow.ClearTax -->
