<?xml version="1.0" encoding="UTF-8"?>
<!-- Generated by org.testng.reporters.JUnitReportReporter -->
<testsuite hostname="FLLAP0570-MaheshNarvanes-MacBook-Air.local" failures="0" tests="11" name="Default_Flow.Default_Flow" time="417.317" errors="0" timestamp="2023-08-17T11:27:56 IST" skipped="0">
  <testcase classname="Default_Flow.Default_Flow" name="landing_Defaulta_Flow" time="0.496"/>
  <system-out>
    <![CDATA[ Mobile No =7622355759]]>
  </system-out>
  <testcase classname="Default_Flow.Default_Flow" name="form1" time="35.336"/>
  <system-out>
    <![CDATA[ Monthly Sale =445025
 GST Registerd ? =Yes]]>
  </system-out>
  <testcase classname="Default_Flow.Default_Flow" name="form2" time="14.490"/>
  <system-out>
    <![CDATA[ Customer's Full Name =F S ENTERPRISES]]>
  </system-out>
  <testcase classname="Default_Flow.Default_Flow" name="form3" time="28.038"/>
  <system-out>
    <![CDATA[Business Nature =Retailer
 Customer Selling Product =Abrasives & Grinding
 Business vintage =More than 5 years
 Shop PinCode =
 Account Type =Yes]]>
  </system-out>
  <testcase classname="Default_Flow.Default_Flow" name="form_2" time="16.978"/>
  <system-out>
    <![CDATA[ PanNo =BTLPN0219B]]>
  </system-out>
  <testcase classname="Default_Flow.Default_Flow" name="form_3" time="59.234"/>
  <system-out>
    <![CDATA[ Gender =Male
 DOB =30091997
 Residencial PinCode =431515]]>
  </system-out>
  <testcase classname="Default_Flow.Default_Flow" name="setu" time="30.794"/>
  <system-out>
    <![CDATA[ Setu page Cancled, To Upload BS Manually]]>
  </system-out>
  <testcase classname="Default_Flow.Default_Flow" name="BankStatement" time="29.276"/>
  <system-out>
    <![CDATA[ BankStatement Uploaded Successfullt !!]]>
  </system-out>
  <testcase classname="Default_Flow.Default_Flow" name="DocumentUpload" time="155.205"/>
  <system-out>
    <![CDATA[ Document's Uploaded Successfullt !!]]>
  </system-out>
  <testcase classname="Default_Flow.Default_Flow" name="form4" time="26.199"/>
  <system-out>
    <![CDATA[Business Name = ACHtv
Business Registerd as = Proprietorship
 Customer Shop-Number Is = 68417600548
 Customer Shop Area Is = ovulP]]>
  </system-out>
  <testcase classname="Default_Flow.Default_Flow" name="form5" time="21.271"/>
  <system-out>
    <![CDATA[ Customer's Email-Id Is = aECVZy@gmail.com
Customer's Pincode Is = 400001
 Customer's Flat No Is = 67070794022
 Customer's Area Is = KKWEl
The loancode is = 64ddb54c2ewf0
 Default Presanction Journey Completed  , Thank You!!]]>
  </system-out>
</testsuite> <!-- Default_Flow.Default_Flow -->
