<?xml version="1.0" encoding="UTF-8"?>
<!-- Generated by org.testng.reporters.JUnitReportReporter -->
<testsuite hostname="FLLAP0570-MaheshNarvanes-MacBook-Air.local" failures="0" tests="9" name="PARTNERS_Flow.Swiggy" time="376.579" errors="0" timestamp="2023-08-02T16:12:30 IST" skipped="0">
  <testcase classname="PARTNERS_Flow.Swiggy" name="Swiggy_landingPage" time="0.561"/>
  <system-out>
    <![CDATA[ The Mobile No =7460541460]]>
  </system-out>
  <testcase classname="PARTNERS_Flow.Swiggy" name="form1" time="28.729"/>
  <system-out>
    <![CDATA[ Monthly Sale = 494869
 Gst registerd ? = Yes]]>
  </system-out>
  <testcase classname="PARTNERS_Flow.Swiggy" name="form2" time="9.140"/>
  <system-out>
    <![CDATA[Custmer's Name = SRI VARSHAN CERAMICS
Custmer's Email ID = aNTAJs@gmail.com]]>
  </system-out>
  <testcase classname="PARTNERS_Flow.Swiggy" name="form3" time="22.913"/>
  <system-out>
    <![CDATA[ Business Name is = OPVWp
 Nature Of The Business Is = Wholesaler
 Product Selected By Customer Is = 2 & 3 Wheelers
 Business Vintage Is = 2-5 years
 Pincode Of The Customer Is = 400001]]>
  </system-out>
  <testcase classname="PARTNERS_Flow.Swiggy" name="Setu" time="24.404"/>
  <system-out>
    <![CDATA[ Setu page Cancled, To Upload BS Manually]]>
  </system-out>
  <testcase classname="PARTNERS_Flow.Swiggy" name="BankStatement" time="33.890"/>
  <system-out>
    <![CDATA[ BankStatement Uploaded Successfullt !!]]>
  </system-out>
  <testcase classname="PARTNERS_Flow.Swiggy" name="DocumentUpload" time="226.840"/>
  <system-out>
    <![CDATA[ Document's Uploaded Successfullt !!]]>
  </system-out>
  <testcase classname="PARTNERS_Flow.Swiggy" name="form4" time="17.052"/>
  <system-out>
    <![CDATA[Business Registerd as = Proprietorship
 Customer Shop-Number Is = 64611532119
 Customer Shop Area Is = VKdsX]]>
  </system-out>
  <testcase classname="PARTNERS_Flow.Swiggy" name="form5" time="13.050"/>
  <system-out>
    <![CDATA[ Gender Of Customer Is = Male
 DOB Of Customer Is = 30091997
Customer's Pincode Is = 400001
 Customer's Flat No Is = 60670361245
 Customer's Area Is = UUIqV
 Customer's Pan No Is = BTLPN0219B
 Swiggy Presanction Journey Completed  , Thank You!!]]>
  </system-out>
</testsuite> <!-- PARTNERS_Flow.Swiggy -->
