<?xml version="1.0" encoding="UTF-8"?>
<!-- Generated by org.testng.reporters.JUnitReportReporter -->
<testsuite hostname="FLLAP0570-MaheshNarvanes-MacBook-Air.local" failures="0" tests="9" name="PARTNERS_Flow.Fineway" time="290.283" errors="0" timestamp="2023-09-10T20:30:28 IST" skipped="0">
  <testcase classname="PARTNERS_Flow.Fineway" name="Fineway_landingPage" time="0.585"/>
  <system-out>
    <![CDATA[ The Mobile No =7698364379]]>
  </system-out>
  <testcase classname="PARTNERS_Flow.Fineway" name="form1" time="29.886"/>
  <system-out>
    <![CDATA[ Monthly Sale = 452249
 Gst registerd ? = Yes]]>
  </system-out>
  <testcase classname="PARTNERS_Flow.Fineway" name="form2" time="6.776"/>
  <system-out>
    <![CDATA[Custmer's Full_Name = MOTO ZONE]]>
  </system-out>
  <testcase classname="PARTNERS_Flow.Fineway" name="form3" time="15.951"/>
  <system-out>
    <![CDATA[ Nature Of The Business Is = Wholesaler
 Product Selected By Customer Is = 2 & 3 Wheelers
 Business Vintage Is = 2-5 years
 Pincode Of The Customer Is = 400001
 Account Type = Yes]]>
  </system-out>
  <testcase classname="PARTNERS_Flow.Fineway" name="Setu" time="29.619"/>
  <system-out>
    <![CDATA[ Setu page Cancled, To Upload BS Manually]]>
  </system-out>
  <testcase classname="PARTNERS_Flow.Fineway" name="BankStatement" time="41.912"/>
  <system-out>
    <![CDATA[ BankStatement Uploaded Successfullt !!]]>
  </system-out>
  <testcase classname="PARTNERS_Flow.Fineway" name="DocumentUpload" time="144.621"/>
  <system-out>
    <![CDATA[ Document's Uploaded Successfullt !!]]>
  </system-out>
  <testcase classname="PARTNERS_Flow.Fineway" name="form4" time="13.545"/>
  <system-out>
    <![CDATA[ Business Name is = zpVxM
Business Registerd as = Proprietorship
 Customer Shop-Number Is = 69892592105
 Customer Shop Area Is = Bjhsd]]>
  </system-out>
  <testcase classname="PARTNERS_Flow.Fineway" name="form5" time="7.388"/>
  <system-out>
    <![CDATA[Custmer's Email ID = aIBy4p@gmail.com
Customer's Pincode Is = 400001
 Customer's Flat No Is = 68802236260
 Customer's Area Is = dMkXH
 Fineway Presanction Journey Completed  , Thank You!!]]>
  </system-out>
</testsuite> <!-- PARTNERS_Flow.Fineway -->
