<?xml version="1.0" encoding="UTF-8"?>
<!-- Generated by org.testng.reporters.JUnitReportReporter -->
<testsuite hostname="FLLAP0570-MaheshNarvanes-MacBook-Air.local" failures="0" tests="11" name="NLP.NLP_5_LessThan2Lakh" time="454.640" errors="0" timestamp="2023-09-04T10:43:45 IST" skipped="0">
  <testcase classname="NLP.NLP_5_LessThan2Lakh" name="landinglanding_Page_NLP5_MTO_L2" time="14.097"/>
  <system-out>
    <![CDATA[ Customer Name = OM JAY INTERNATIONAL
 Customer No = 7951693949
 GST Registerd ? = 
 Customer AVG Sale = 
 How Old Buiness = 
 Acc Type = ]]>
  </system-out>
  <testcase classname="NLP.NLP_5_LessThan2Lakh" name="OTP" time="34.221"/>
  <system-out>
    <![CDATA[ OTP = 7967]]>
  </system-out>
  <testcase classname="NLP.NLP_5_LessThan2Lakh" name="form2" time="14.280"/>
  <system-out>
    <![CDATA[ LoanAmount Required = 55000
 Occupation = A Business man
 Email ID = aFYsmr@gmail.com
 Corporation Date = 30091997]]>
  </system-out>
  <testcase classname="NLP.NLP_5_LessThan2Lakh" name="form3" time="163.514"/>
  <system-out>
    <![CDATA[Gender = Female
DOB = 30091997
PinCode = 400001
 Customer Account Type = Yes
 Customer PanNo = BTLPN0219B]]>
  </system-out>
  <testcase classname="NLP.NLP_5_LessThan2Lakh" name="document" time="71.546"/>
  <system-out>
    <![CDATA[ Document's Uploaded Successfully !!]]>
  </system-out>
  <testcase classname="NLP.NLP_5_LessThan2Lakh" name="form4" time="16.639"/>
  <system-out>
    <![CDATA[Business Pincode = 400001
 Residence Rented ? = No
Business Rented ? = No]]>
  </system-out>
  <testcase classname="NLP.NLP_5_LessThan2Lakh" name="setu" time="29.413"/>
  <system-out>
    <![CDATA[ Setu Page Cancled, To Upload BS Manually !!]]>
  </system-out>
  <testcase classname="NLP.NLP_5_LessThan2Lakh" name="form_3" time="39.593"/>
  <system-out>
    <![CDATA[ Nature Of Business = Manufacturer
 Product Sell = Advertising
 Business Vintage = Manufacturer
 Shop Pincode = 431515
 Account Type = Yes]]>
  </system-out>
  <testcase classname="NLP.NLP_5_LessThan2Lakh" name="Bank_Statement" time="25.756"/>
  <system-out>
    <![CDATA[ BankStatement Uploaded Successfully !!]]>
  </system-out>
  <testcase classname="NLP.NLP_5_LessThan2Lakh" name="form_4" time="30.927"/>
  <system-out>
    <![CDATA[ Business Name = PWWXh
 Business Registerd As ? = Proprietorship
 Business Shop No = 65858812140
 Business Area = kZulw]]>
  </system-out>
  <testcase classname="NLP.NLP_5_LessThan2Lakh" name="form5" time="14.654"/>
  <system-out>
    <![CDATA[Customer's Pincode Is = 400001
 Customer's Flat No Is = 66092493688
 Customer's Area Is = HDgIf
The loancode is = 64f565cbrrhoj
 NLP-5 < 2lakh MTO Presanction Journey Completed  , Thank You!!]]>
  </system-out>
</testsuite> <!-- NLP.NLP_5_LessThan2Lakh -->
