<?xml version="1.0" encoding="UTF-8"?>
<!-- Generated by org.testng.reporters.JUnitReportReporter -->
<testsuite hostname="FLLAP0570-MaheshNarvanes-MacBook-Air.local" failures="0" tests="1" name="Policy.ddd" time="0.003" errors="0" timestamp="2023-07-30T04:52:01 IST" skipped="0">
  <testcase classname="Policy.ddd" name="insert" time="0.003"/>
  <system-out/>
</testsuite> <!-- Policy.ddd -->
