<?xml version="1.0" encoding="UTF-8"?>
<!-- Generated by org.testng.reporters.JUnitReportReporter -->
<testsuite hostname="FLLAP0570-MaheshNarvanes-MacBook-Air.local" failures="0" tests="1" name="Eligibility.Egilibilities" time="34.276" errors="0" timestamp="2024-02-07T17:47:43 IST" skipped="0">
  <testcase classname="Eligibility.Egilibilities" name="ECOM_BCF_ABB" time="34.276"/>
  <system-out/>
</testsuite> <!-- Eligibility.Egilibilities -->
