<?xml version="1.0" encoding="UTF-8"?>
<!-- Generated by org.testng.reporters.JUnitReportReporter -->
<testsuite hostname="FLLAP0570-MaheshNarvanes-MacBook-Air.local" failures="0" tests="1" name="Policy.dummy" time="0.314" errors="0" timestamp="2023-07-30T23:05:31 IST" skipped="0">
  <testcase classname="Policy.dummy" name="fhfb" time="0.314"/>
  <system-out/>
</testsuite> <!-- Policy.dummy -->
