<?xml version="1.0" encoding="UTF-8"?>
<!-- Generated by org.testng.reporters.JUnitReportReporter -->
<testsuite hostname="FLLAP0570-MaheshNarvanes-MacBook-Air.local" failures="0" tests="9" name="EXAA_OFFER_FLOW.Offer_GreaterThan_2" time="471.861" errors="0" timestamp="2023-07-26T00:30:23 IST" skipped="0">
  <testcase classname="EXAA_OFFER_FLOW.Offer_GreaterThan_2" name="OfferlandingPage_MTO_G2" time="3.676"/>
  <system-out>
    <![CDATA[ The Mobile No = 6938470003]]>
  </system-out>
  <testcase classname="EXAA_OFFER_FLOW.Offer_GreaterThan_2" name="form_1" time="18.245"/>
  <system-out>
    <![CDATA[ Monthly Sale = 463631
 Gst registerd ? = Yes]]>
  </system-out>
  <testcase classname="EXAA_OFFER_FLOW.Offer_GreaterThan_2" name="form_2" time="7.832"/>
  <system-out>
    <![CDATA[Custmer's Name = SRI VARSHAN CERAMICS
Custmer's Email ID = aONv6b@gmail.com]]>
  </system-out>
  <testcase classname="EXAA_OFFER_FLOW.Offer_GreaterThan_2" name="form3" time="19.578"/>
  <system-out>
    <![CDATA[ Buysiness Name= IcICcWFlPK
 Buysiness Nature= Retailer
 Buysiness product= 2 & 3 Wheelers
 How Old Business = 2-5 years
 Shop PinCode= 400001]]>
  </system-out>
  <testcase classname="EXAA_OFFER_FLOW.Offer_GreaterThan_2" name="Setu" time="33.635"/>
  <system-out>
    <![CDATA[ Setu page Cancled, To Upload BS Manually]]>
  </system-out>
  <testcase classname="EXAA_OFFER_FLOW.Offer_GreaterThan_2" name="Bank_Statement" time="116.755"/>
  <system-out>
    <![CDATA[ BankStatement Uploaded Successfullt !!]]>
  </system-out>
  <testcase classname="EXAA_OFFER_FLOW.Offer_GreaterThan_2" name="Document_Upload" time="217.659"/>
  <system-out>
    <![CDATA[ Document's Uploaded Successfullt !!]]>
  </system-out>
  <testcase classname="EXAA_OFFER_FLOW.Offer_GreaterThan_2" name="form4" time="17.803"/>
  <system-out>
    <![CDATA[ Business Form = Proprietorship
 Business Shop No = 60556673843
 Business Area = KpBks]]>
  </system-out>
  <testcase classname="EXAA_OFFER_FLOW.Offer_GreaterThan_2" name="form5" time="36.678"/>
  <system-out>
    <![CDATA[ Gende r= Male
 DOB = 30091999
 PinCode = 400001
 Street Name = frDFMjOvzk
 Vilage = wdVDy
 Pan No = BTLPN0219B
 LoanCode = 64c019f5upqa0
 Offers MTO > 2Lakh PreSanction Journey Completed,   Thank You!!]]>
  </system-out>
</testsuite> <!-- EXAA_OFFER_FLOW.Offer_GreaterThan_2 -->
