<?xml version="1.0" encoding="UTF-8"?>
<!-- Generated by org.testng.reporters.JUnitReportReporter -->
<testsuite hostname="FLLAP0570-MaheshNarvanes-MacBook-Air.local" failures="0" tests="2" name="Task.ABFL_ECOM" time="55.131" errors="0" timestamp="2024-02-21T11:39:45 IST" skipped="0">
  <testcase classname="Task.ABFL_ECOM" name="Risk_Type_C_B" time="53.074"/>
  <system-out/>
  <testcase classname="Task.ABFL_ECOM" name="policy" time="2.057"/>
  <system-out>
    <![CDATA[ DB Connection Successfull]]>
  </system-out>
</testsuite> <!-- Task.ABFL_ECOM -->
