<?xml version="1.0" encoding="UTF-8"?>
<!-- Generated by org.testng.reporters.JUnitReportReporter -->
<testsuite hostname="FLLAP0570-MaheshNarvanes-MacBook-Air.local" failures="0" tests="1" name="Document_Upload.demo" time="0.808" errors="0" timestamp="2023-06-27T14:17:29 IST" skipped="0">
  <testcase classname="Document_Upload.demo" name="UploadPDF" time="0.808"/>
  <system-out/>
</testsuite> <!-- Document_Upload.demo -->
