<?xml version="1.0" encoding="UTF-8"?>
<!-- Generated by org.testng.reporters.JUnitReportReporter -->
<testsuite hostname="FLLAP0570-MaheshNarvanes-MacBook-Air.local" failures="0" tests="11" name="NLP.NLP3_LessThan2Lakh" time="417.093" errors="0" timestamp="2023-08-10T12:30:06 IST" skipped="0">
  <testcase classname="NLP.NLP3_LessThan2Lakh" name="landing_Page_NLP3_LT2" time="7.514"/>
  <system-out>
    <![CDATA[ Name  = F S ENTERPRISES
 Monile Number  = 7482243759
 How Old Business  = 
 Account Type  = 
 GST Registerd = 
 Monthly Sale = ]]>
  </system-out>
  <testcase classname="NLP.NLP3_LessThan2Lakh" name="Otp" time="26.117"/>
  <system-out>
    <![CDATA[ OTP = 2807]]>
  </system-out>
  <testcase classname="NLP.NLP3_LessThan2Lakh" name="form2" time="13.451"/>
  <system-out>
    <![CDATA[ LoanAmount Required = 55000
 Occupation = A Business man
 Email ID = aIimtF@gmail.com
 Corporation Date = 30091997]]>
  </system-out>
  <testcase classname="NLP.NLP3_LessThan2Lakh" name="form3" time="154.215"/>
  <system-out>
    <![CDATA[Gender = Male
DOB = 30091997
PinCode = 400001
 Customer Account Type = Yes
 Customer PanNo = BTLPN0219B]]>
  </system-out>
  <testcase classname="NLP.NLP3_LessThan2Lakh" name="document" time="75.614"/>
  <system-out>
    <![CDATA[ Document's Uploaded Successfully !!]]>
  </system-out>
  <testcase classname="NLP.NLP3_LessThan2Lakh" name="form4" time="8.402"/>
  <system-out>
    <![CDATA[Business Pincode = 400001
 Residence Rented ? = No
Business Rented ? = No]]>
  </system-out>
  <testcase classname="NLP.NLP3_LessThan2Lakh" name="setu" time="24.431"/>
  <system-out>
    <![CDATA[ Setu Page Cancled, To Upload BS Manually !!]]>
  </system-out>
  <testcase classname="NLP.NLP3_LessThan2Lakh" name="form_3" time="36.165"/>
  <system-out>
    <![CDATA[ Nature Of Business = Manufacturer
 Product Sell = Advertising
 Business Vintage = Manufacturer
 Shop Pincode = 431515
 Account Type = Yes]]>
  </system-out>
  <testcase classname="NLP.NLP3_LessThan2Lakh" name="Bank_Statement" time="27.015"/>
  <system-out>
    <![CDATA[ BankStatement Uploaded Successfullt !!]]>
  </system-out>
  <testcase classname="NLP.NLP3_LessThan2Lakh" name="form_4" time="31.711"/>
  <system-out>
    <![CDATA[ Business Name = eFzAA
 Business Registerd As ? = Proprietorship
 Business Shop No = 66410675865
 Business Area = rARaT]]>
  </system-out>
  <testcase classname="NLP.NLP3_LessThan2Lakh" name="form5" time="12.458"/>
  <system-out>
    <![CDATA[ Gender Of Customer Is = Male
 DOB Of Customer Is = 30091997
Customer's Pincode Is = 400001
 Customer's Flat No Is = 60036438890
 Customer's Area Is = hhZzG
 Customer's Pan No Is = BTLPN0219B
The loancode is = 64d48962wtblv
 NLP-3 < 2lakh MTO Presanction Journey Completed  , Thank You!!]]>
  </system-out>
</testsuite> <!-- NLP.NLP3_LessThan2Lakh -->
