<?xml version="1.0" encoding="UTF-8"?>
<!-- Generated by org.testng.reporters.JUnitReportReporter -->
<testsuite hostname="FLLAP0570-MaheshNarvanes-MacBook-Air.local" failures="0" tests="1" name="Task.BAN_233" time="79.585" errors="0" timestamp="2023-08-22T18:15:07 IST" skipped="0">
  <testcase classname="Task.BAN_233" name="LOS" time="79.585"/>
  <system-out/>
</testsuite> <!-- Task.BAN_233 -->
