<?xml version="1.0" encoding="UTF-8"?>
<!-- Generated by org.testng.reporters.JUnitReportReporter -->
<testsuite hostname="FLLAP0570-MaheshNarvanes-MacBook-Air.local" failures="0" tests="8" name="NLP_Floww.NLP1_GreaterThan2Lakh_Flow" time="391.947" errors="0" timestamp="2023-07-26T00:13:12 IST" skipped="0">
  <testcase classname="NLP_Floww.NLP1_GreaterThan2Lakh_Flow" name="landing_Page_NLP1_MTO_GT_2" time="7.337"/>
  <system-out>
    <![CDATA[The Number is =7533815249
The Average Monthly Sale is = 4-10 lakhs
Gst Selected by Customer is = Yes]]>
  </system-out>
  <testcase classname="NLP_Floww.NLP1_GreaterThan2Lakh_Flow" name="Form2" time="33.394"/>
  <system-out>
    <![CDATA[ Name Of The Customer is = SRI VARSHAN CERAMICS
Email Of the Customer is  = act7F4@gmail.com]]>
  </system-out>
  <testcase classname="NLP_Floww.NLP1_GreaterThan2Lakh_Flow" name="form3" time="22.359"/>
  <system-out>
    <![CDATA[ Business Name is = sMwCe
 Nature Of The Business Is = Retailer
 Product Selected By Customer Is = Dsa
 Business Vintage Is = 2-5 years
 Pincode Of The Customer Is = 400001]]>
  </system-out>
  <testcase classname="NLP_Floww.NLP1_GreaterThan2Lakh_Flow" name="Setu" time="37.672"/>
  <system-out>
    <![CDATA[ Setu page Cancled, To Upload BS Manually]]>
  </system-out>
  <testcase classname="NLP_Floww.NLP1_GreaterThan2Lakh_Flow" name="BankStatement" time="50.059"/>
  <system-out>
    <![CDATA[ BankStatement Uploaded Successfullt !!]]>
  </system-out>
  <testcase classname="NLP_Floww.NLP1_GreaterThan2Lakh_Flow" name="DocumentUpload" time="215.341"/>
  <system-out>
    <![CDATA[ Document's Uploaded Successfullt !!]]>
  </system-out>
  <testcase classname="NLP_Floww.NLP1_GreaterThan2Lakh_Flow" name="form4" time="14.235"/>
  <system-out>
    <![CDATA[Business Registerd as = Proprietorship
 Customer Shop-Number Is = 65369064751
 Customer Shop Area Is = DkNNR]]>
  </system-out>
  <testcase classname="NLP_Floww.NLP1_GreaterThan2Lakh_Flow" name="form5" time="11.550"/>
  <system-out>
    <![CDATA[ Gender Of Customer Is = Male
 DOB Of Customer Is = 30091997
Customer's Pincode Is = 400001
 Customer's Flat No Is = 61970700015
 Customer's Area Is = vBpWT
 Customer's Pan No Is = BTLPN0219B
 NLP-1 > 2lakh MTO Presanction Journey Completed  , Thank You!!]]>
  </system-out>
</testsuite> <!-- NLP_Floww.NLP1_GreaterThan2Lakh_Flow -->
