<?xml version="1.0" encoding="UTF-8"?>
<!-- Generated by org.testng.reporters.JUnitReportReporter -->
<testsuite hostname="FLLAP0570-MaheshNarvanes-MacBook-Air.local" failures="0" tests="9" name="PARTNERS_Flow.Truecaller" time="361.821" errors="0" timestamp="2023-07-27T19:29:57 IST" skipped="0">
  <testcase classname="PARTNERS_Flow.Truecaller" name="Truecaller_landingPage" time="0.515"/>
  <system-out>
    <![CDATA[ The Mobile No =7494478732]]>
  </system-out>
  <testcase classname="PARTNERS_Flow.Truecaller" name="form1" time="26.843"/>
  <system-out>
    <![CDATA[ Monthly Sale = 483692
 Gst registerd ? = Yes]]>
  </system-out>
  <testcase classname="PARTNERS_Flow.Truecaller" name="form2" time="8.160"/>
  <system-out>
    <![CDATA[Custmer's Name = SRI VARSHAN CERAMICS
Custmer's Email ID = at3a2J@gmail.com]]>
  </system-out>
  <testcase classname="PARTNERS_Flow.Truecaller" name="form3" time="21.006"/>
  <system-out>
    <![CDATA[ Business Name is = hksDv
 Nature Of The Business Is = Wholesaler
 Product Selected By Customer Is = Dsa
 Business Vintage Is = 2-5 years
 Pincode Of The Customer Is = 400001]]>
  </system-out>
  <testcase classname="PARTNERS_Flow.Truecaller" name="Setu" time="24.120"/>
  <system-out>
    <![CDATA[ Setu page Cancled, To Upload BS Manually]]>
  </system-out>
  <testcase classname="PARTNERS_Flow.Truecaller" name="BankStatement" time="31.729"/>
  <system-out>
    <![CDATA[ BankStatement Uploaded Successfullt !!]]>
  </system-out>
  <testcase classname="PARTNERS_Flow.Truecaller" name="DocumentUpload" time="227.931"/>
  <system-out>
    <![CDATA[ Document's Uploaded Successfullt !!]]>
  </system-out>
  <testcase classname="PARTNERS_Flow.Truecaller" name="form4" time="9.768"/>
  <system-out>
    <![CDATA[Business Registerd as = Proprietorship
 Customer Shop-Number Is = 62030264129
 Customer Shop Area Is = jbveI]]>
  </system-out>
  <testcase classname="PARTNERS_Flow.Truecaller" name="form5" time="11.749"/>
  <system-out>
    <![CDATA[ Gender Of Customer Is = Male
 DOB Of Customer Is = 30091997
Customer's Pincode Is = 400001
 Customer's Flat No Is = 67961007258
 Customer's Area Is = vgsPK
 Customer's Pan No Is = BTLPN0219B
 Truecaller Presanction Journey Completed  , Thank You!!]]>
  </system-out>
</testsuite> <!-- PARTNERS_Flow.Truecaller -->
