<?xml version="1.0" encoding="UTF-8"?>
<!-- Generated by org.testng.reporters.JUnitReportReporter -->
<testsuite hostname="FLLAP0570-MaheshNarvanes-MacBook-Air.local" failures="0" tests="9" name="PARTNERS_Flow.AirPay" time="339.639" errors="0" timestamp="2023-09-10T20:21:30 IST" skipped="0">
  <testcase classname="PARTNERS_Flow.AirPay" name="AirPay_landingPage" time="0.551"/>
  <system-out>
    <![CDATA[ The Mobile No =7379776599]]>
  </system-out>
  <testcase classname="PARTNERS_Flow.AirPay" name="form1" time="29.372"/>
  <system-out>
    <![CDATA[ Monthly Sale = 494866
 Gst registerd ? = Yes]]>
  </system-out>
  <testcase classname="PARTNERS_Flow.AirPay" name="form2" time="6.881"/>
  <system-out>
    <![CDATA[Custmer's Full_Name = MOTO ZONE]]>
  </system-out>
  <testcase classname="PARTNERS_Flow.AirPay" name="form3" time="17.372"/>
  <system-out>
    <![CDATA[ Nature Of The Business Is = Wholesaler
 Product Selected By Customer Is = 2 & 3 Wheelers
 Business Vintage Is = 2-5 years
 Pincode Of The Customer Is = 400001
 Account Type = Yes]]>
  </system-out>
  <testcase classname="PARTNERS_Flow.AirPay" name="Setu" time="32.731"/>
  <system-out>
    <![CDATA[ Setu page Cancled, To Upload BS Manually]]>
  </system-out>
  <testcase classname="PARTNERS_Flow.AirPay" name="BankStatement" time="42.037"/>
  <system-out>
    <![CDATA[ BankStatement Uploaded Successfullt !!]]>
  </system-out>
  <testcase classname="PARTNERS_Flow.AirPay" name="DocumentUpload" time="179.618"/>
  <system-out>
    <![CDATA[ Document's Uploaded Successfullt !!]]>
  </system-out>
  <testcase classname="PARTNERS_Flow.AirPay" name="form4" time="21.298"/>
  <system-out>
    <![CDATA[ Business Name is = JAJMu
Business Registerd as = Proprietorship
 Customer Shop-Number Is = 60997887057
 Customer Shop Area Is = sTWhi]]>
  </system-out>
  <testcase classname="PARTNERS_Flow.AirPay" name="form5" time="9.779"/>
  <system-out>
    <![CDATA[Custmer's Email ID = av9q3h@gmail.com
Customer's Pincode Is = 400001
 Customer's Flat No Is = 65959682894
 Customer's Area Is = ufQNH
 AirPay Presanction Journey Completed  , Thank You!!]]>
  </system-out>
</testsuite> <!-- PARTNERS_Flow.AirPay -->
