<?xml version="1.0" encoding="UTF-8"?>
<!-- Generated by org.testng.reporters.JUnitReportReporter -->
<testsuite hostname="FLLAP0570-MaheshNarvanes-MacBook-Air.local" failures="0" tests="7" name="Amazon_flow.Amazon_Flow_ManualUpload" time="324.491" errors="0" timestamp="2023-07-22T12:59:12 IST" skipped="0">
  <testcase classname="Amazon_flow.Amazon_Flow_ManualUpload" name="Amazon_landing_Page" time="1.475"/>
  <system-out>
    <![CDATA[The Mobile No Is = 7156443966]]>
  </system-out>
  <testcase classname="Amazon_flow.Amazon_Flow_ManualUpload" name="Form_One" time="36.760"/>
  <system-out/>
  <testcase classname="Amazon_flow.Amazon_Flow_ManualUpload" name="Form_two" time="129.464"/>
  <system-out>
    <![CDATA[ Gender = Male
 DOB = 30091997
 Residence Pincode = 400001
 PanNo = BTLPN0219B]]>
  </system-out>
  <testcase classname="Amazon_flow.Amazon_Flow_ManualUpload" name="Form_three" time="34.211"/>
  <system-out>
    <![CDATA[ Residencial Address = mGlYWefsZT
 Locality = IDhFvWOxkn
 Street Name = UjCiKAemUg
 Business Area = UcHzuELJgT
 Shop PinCode = 431515]]>
  </system-out>
  <testcase classname="Amazon_flow.Amazon_Flow_ManualUpload" name="Bank_Account" time="11.471"/>
  <system-out>
    <![CDATA[ Bank Account No = 62441635074
 Bank IFSC No = SBIN0020030
 Account Type = Current
 Benificary Name = PeZexzbizJ]]>
  </system-out>
  <testcase classname="Amazon_flow.Amazon_Flow_ManualUpload" name="Bank_statement" time="44.083"/>
  <system-out>
    <![CDATA[ BankStatement Uploaded Successfully !!]]>
  </system-out>
  <testcase classname="Amazon_flow.Amazon_Flow_ManualUpload" name="Document_upload" time="67.027"/>
  <system-out>
    <![CDATA[ Documents Uploaded Successfully !!
 Amazon PreSanction Journey Completed,  Thank You!!]]>
  </system-out>
</testsuite> <!-- Amazon_flow.Amazon_Flow_ManualUpload -->
