<?xml version="1.0" encoding="UTF-8"?>
<!-- Generated by org.testng.reporters.JUnitReportReporter -->
<testsuite hostname="FLLAP0570-MaheshNarvanes-MacBook-Air.local" failures="0" tests="1" name="NLP1_Positive_RU_LessThan_2.sjhvsjdhcs" time="122.697" errors="0" timestamp="2023-05-25T10:31:31 IST" skipped="0">
  <testcase classname="NLP1_Positive_RU_LessThan_2.sjhvsjdhcs" name="demo" time="122.697"/>
  <system-out/>
</testsuite> <!-- NLP1_Positive_RU_LessThan_2.sjhvsjdhcs -->
