<?xml version="1.0" encoding="UTF-8"?>
<!-- Generated by org.testng.reporters.JUnitReportReporter -->
<testsuite hostname="FLLAP0570-MaheshNarvanes-MacBook-Air.local" failures="0" tests="2" name="Task.task" time="297.202" errors="0" timestamp="2023-08-16T17:25:35 IST" skipped="0">
  <testcase classname="Task.task" name="los" time="78.779"/>
  <system-out/>
  <testcase classname="Task.task" name="cjp" time="218.423"/>
  <system-out>
    <![CDATA[ Mobile No =7415060959
 Monthly Sale =495590
 GST Registerd ? =Yes
 Customer's Full Name =F S ENTERPRISES
Business Nature =Retailer
 Customer Selling Product =Abrasives & Grinding
 Business vintage =More than 5 years
 Shop PinCode =
 Account Type =Yes
 PanNo =BTLPN0219B
 Gender =Male
 DOB =30091997
 Residencial PinCode =431515
 Setu page Cancled, To Upload BS Manually
 BankStatement Uploaded Successfullt !!]]>
  </system-out>
</testsuite> <!-- Task.task -->
