<?xml version="1.0" encoding="UTF-8"?>
<!-- Generated by org.testng.reporters.JUnitReportReporter -->
<testsuite hostname="FLLAP0570-MaheshNarvanes-MacBook-Air.local" failures="0" tests="12" name="NLP_Floww.NLP3_LessThan2Lakh" time="6.044" errors="1" timestamp="2023-07-22T00:10:50 IST" skipped="11">
  <testcase classname="NLP_Floww.NLP3_LessThan2Lakh" name="launchURL" time="6.044">
    <error message="Cannot invoke &quot;com.aventstack.extentreports.ExtentTest.log(com.aventstack.extentreports.Status, String)&quot; because &quot;Listner.ListnerClass.test&quot; is null" type="java.lang.NullPointerException">
      <![CDATA[java.lang.NullPointerException: Cannot invoke "com.aventstack.extentreports.ExtentTest.log(com.aventstack.extentreports.Status, String)" because "Listner.ListnerClass.test" is null
at Listner.ListnerClass.reportLog(ListnerClass.java:128)
at NLP_Floww.NLP3_LessThan2Lakh.launchURL(NLP3_LessThan2Lakh.java:42)
at java.base/jdk.internal.reflect.NativeMethodAccessorImpl.invoke0(Native Method)
at java.base/jdk.internal.reflect.NativeMethodAccessorImpl.invoke(NativeMethodAccessorImpl.java:77)
at java.base/jdk.internal.reflect.DelegatingMethodAccessorImpl.invoke(DelegatingMethodAccessorImpl.java:43)
at java.base/java.lang.reflect.Method.invoke(Method.java:568)
at org.testng.internal.MethodInvocationHelper.invokeMethod(MethodInvocationHelper.java:133)
at org.testng.internal.MethodInvocationHelper.invokeMethodConsideringTimeout(MethodInvocationHelper.java:62)
at org.testng.internal.ConfigInvoker.invokeConfigurationMethod(ConfigInvoker.java:385)
at org.testng.internal.ConfigInvoker.invokeConfigurations(ConfigInvoker.java:321)
at org.testng.internal.TestMethodWorker.invokeBeforeClassMethods(TestMethodWorker.java:176)
at org.testng.internal.TestMethodWorker.run(TestMethodWorker.java:122)
at java.base/java.util.ArrayList.forEach(ArrayList.java:1511)
at org.testng.TestRunner.privateRun(TestRunner.java:794)
at org.testng.TestRunner.run(TestRunner.java:596)
at org.testng.SuiteRunner.runTest(SuiteRunner.java:377)
at org.testng.SuiteRunner.runSequentially(SuiteRunner.java:371)
at org.testng.SuiteRunner.privateRun(SuiteRunner.java:332)
at org.testng.SuiteRunner.run(SuiteRunner.java:276)
at org.testng.SuiteRunnerWorker.runSuite(SuiteRunnerWorker.java:53)
at org.testng.SuiteRunnerWorker.run(SuiteRunnerWorker.java:96)
at org.testng.TestNG.runSuitesSequentially(TestNG.java:1212)
at org.testng.TestNG.runSuitesLocally(TestNG.java:1134)
at org.testng.TestNG.runSuites(TestNG.java:1063)
at org.testng.TestNG.run(TestNG.java:1031)
at org.testng.remote.AbstractRemoteTestNG.run(AbstractRemoteTestNG.java:115)
at org.testng.remote.RemoteTestNG.initAndRun(RemoteTestNG.java:251)
at org.testng.remote.RemoteTestNG.main(RemoteTestNG.java:77)
]]>
    </error>
  </testcase> <!-- launchURL -->
  <system-out/>
  <testcase classname="NLP_Floww.NLP3_LessThan2Lakh" name="landing_Page_NLP3_LT2" time="0.000">
    <skipped/>
  </testcase> <!-- landing_Page_NLP3_LT2 -->
  <system-out/>
  <testcase classname="NLP_Floww.NLP3_LessThan2Lakh" name="DB" time="0.000">
    <skipped/>
  </testcase> <!-- DB -->
  <system-out/>
  <testcase classname="NLP_Floww.NLP3_LessThan2Lakh" name="Otp" time="0.000">
    <skipped/>
  </testcase> <!-- Otp -->
  <system-out/>
  <testcase classname="NLP_Floww.NLP3_LessThan2Lakh" name="form2" time="0.000">
    <skipped/>
  </testcase> <!-- form2 -->
  <system-out/>
  <testcase classname="NLP_Floww.NLP3_LessThan2Lakh" name="form3" time="0.000">
    <skipped/>
  </testcase> <!-- form3 -->
  <system-out/>
  <testcase classname="NLP_Floww.NLP3_LessThan2Lakh" name="document" time="0.000">
    <skipped/>
  </testcase> <!-- document -->
  <system-out/>
  <testcase classname="NLP_Floww.NLP3_LessThan2Lakh" name="form4" time="0.000">
    <skipped/>
  </testcase> <!-- form4 -->
  <system-out/>
  <testcase classname="NLP_Floww.NLP3_LessThan2Lakh" name="setu" time="0.000">
    <skipped/>
  </testcase> <!-- setu -->
  <system-out/>
  <testcase classname="NLP_Floww.NLP3_LessThan2Lakh" name="Bank_Statement" time="0.000">
    <skipped/>
  </testcase> <!-- Bank_Statement -->
  <system-out/>
  <testcase classname="NLP_Floww.NLP3_LessThan2Lakh" name="form5" time="0.000">
    <skipped/>
  </testcase> <!-- form5 -->
  <system-out/>
  <testcase classname="NLP_Floww.NLP3_LessThan2Lakh" name="Bank_Account" time="0.000">
    <skipped/>
  </testcase> <!-- Bank_Account -->
  <system-out/>
</testsuite> <!-- NLP_Floww.NLP3_LessThan2Lakh -->
