<?xml version="1.0" encoding="UTF-8"?>
<!-- Generated by org.testng.reporters.JUnitReportReporter -->
<testsuite hostname="Bloom-Mohit" failures="0" tests="1" name="Smfg_Automation.Smfg_Direct" time="3.533" errors="0" timestamp="2024-06-12T12:36:22 IST" skipped="0">
  <testcase classname="Smfg_Automation.Smfg_Direct" name="Smfg_Policy" time="3.533"/>
  <system-out>
    <![CDATA[ DB Connection Successfull]]>
  </system-out>
</testsuite> <!-- Smfg_Automation.Smfg_Direct -->
