<?xml version="1.0" encoding="UTF-8"?>
<!-- Generated by org.testng.reporters.JUnitReportReporter -->
<testsuite hostname="FLLAP0570-MaheshNarvanes-MacBook-Air.local" failures="0" tests="2" name="BRE.Rules" time="7.180" errors="0" timestamp="2023-10-05T18:36:05 IST" skipped="0">
  <testcase classname="BRE.Rules" name="BS_Upload" time="6.504"/>
  <system-out/>
  <testcase classname="BRE.Rules" name="Ecom_Partner_Risk_Grade_A" time="0.676"/>
  <system-out/>
</testsuite> <!-- BRE.Rules -->
